[I 190812 11:35:37 slot-classifier:205] Splitting 'dev' Data
[I 190812 11:37:36 slot-classifier:49] ----Start of Program----
[D 190812 11:37:37 slot-classifier:182] all slots: ['NULL', 'party_size_number', 'restaurant_type', 'city', 'restaurant_name', 'country', 'timeRange', 'state', 'party_size_description', 'sort', 'cuisine', 'served_dish', 'spatial_relation', 'facility', 'poi', 'geographic_poi', 'condition_description', 'condition_temperature', 'current_location', 'artist', 'service', 'track', 'year', 'genre', 'music_item', 'album', 'playlist', 'entity_name', 'playlist_owner', 'object_name', 'object_type', 'rating_value', 'object_select', 'rating_unit', 'best_rating', 'object_part_of_series_type', 'location_name', 'movie_type', 'movie_name', 'object_location_type']
[D 190812 11:37:37 slot-classifier:183] Lenght SlotList: 40
[I 190812 11:37:37 slot-classifier:157] Loading 'train' Data
[D 190812 11:37:38 slot-classifier:182] all slots: ['NULL', 'party_size_number', 'restaurant_type', 'city', 'restaurant_name', 'country', 'timeRange', 'state', 'party_size_description', 'sort', 'cuisine', 'served_dish', 'spatial_relation', 'facility', 'poi', 'geographic_poi', 'condition_description', 'condition_temperature', 'current_location', 'artist', 'service', 'track', 'year', 'genre', 'music_item', 'album', 'playlist', 'entity_name', 'playlist_owner', 'object_name', 'object_type', 'rating_value', 'object_select', 'rating_unit', 'best_rating', 'object_part_of_series_type', 'location_name', 'movie_type', 'movie_name', 'object_location_type']
[D 190812 11:37:38 slot-classifier:183] Lenght SlotList: 40
[I 190812 11:37:38 slot-classifier:142] Loading 'test' Data
[D 190812 11:37:38 slot-classifier:182] all slots: ['NULL', 'party_size_number', 'restaurant_type', 'city', 'restaurant_name', 'country', 'timeRange', 'state', 'party_size_description', 'sort', 'cuisine', 'served_dish', 'spatial_relation', 'facility', 'poi', 'geographic_poi', 'condition_description', 'condition_temperature', 'current_location', 'artist', 'service', 'track', 'year', 'genre', 'music_item', 'album', 'playlist', 'entity_name', 'playlist_owner', 'object_name', 'object_type', 'rating_value', 'object_select', 'rating_unit', 'best_rating', 'object_part_of_series_type', 'location_name', 'movie_type', 'movie_name', 'object_location_type']
[D 190812 11:37:38 slot-classifier:183] Lenght SlotList: 40
[I 190812 11:37:38 slot-classifier:128] Loading 'dev' Data
[W 190812 11:37:38 slot-classifier:194] len train: 13931, len dev: 701, len dev: 2104
[W 190812 11:37:38 slot-classifier:199] len all sentences: 16736
[I 190812 11:37:38 slot-classifier:205] Splitting 'dev' Data
[I 190812 11:39:04 slot-classifier:49] ----Start of Program----
[D 190812 11:39:05 slot-classifier:182] all slots: ['NULL', 'party_size_number', 'restaurant_type', 'city', 'restaurant_name', 'country', 'timeRange', 'state', 'party_size_description', 'sort', 'cuisine', 'served_dish', 'spatial_relation', 'facility', 'poi', 'geographic_poi', 'condition_description', 'condition_temperature', 'current_location', 'artist', 'service', 'track', 'year', 'genre', 'music_item', 'album', 'playlist', 'entity_name', 'playlist_owner', 'object_name', 'object_type', 'rating_value', 'object_select', 'rating_unit', 'best_rating', 'object_part_of_series_type', 'location_name', 'movie_type', 'movie_name', 'object_location_type']
[D 190812 11:39:05 slot-classifier:183] Lenght SlotList: 40
[I 190812 11:39:05 slot-classifier:157] Loading 'train' Data
[D 190812 11:39:06 slot-classifier:182] all slots: ['NULL', 'party_size_number', 'restaurant_type', 'city', 'restaurant_name', 'country', 'timeRange', 'state', 'party_size_description', 'sort', 'cuisine', 'served_dish', 'spatial_relation', 'facility', 'poi', 'geographic_poi', 'condition_description', 'condition_temperature', 'current_location', 'artist', 'service', 'track', 'year', 'genre', 'music_item', 'album', 'playlist', 'entity_name', 'playlist_owner', 'object_name', 'object_type', 'rating_value', 'object_select', 'rating_unit', 'best_rating', 'object_part_of_series_type', 'location_name', 'movie_type', 'movie_name', 'object_location_type']
[D 190812 11:39:06 slot-classifier:183] Lenght SlotList: 40
[I 190812 11:39:06 slot-classifier:142] Loading 'test' Data
[D 190812 11:39:06 slot-classifier:182] all slots: ['NULL', 'party_size_number', 'restaurant_type', 'city', 'restaurant_name', 'country', 'timeRange', 'state', 'party_size_description', 'sort', 'cuisine', 'served_dish', 'spatial_relation', 'facility', 'poi', 'geographic_poi', 'condition_description', 'condition_temperature', 'current_location', 'artist', 'service', 'track', 'year', 'genre', 'music_item', 'album', 'playlist', 'entity_name', 'playlist_owner', 'object_name', 'object_type', 'rating_value', 'object_select', 'rating_unit', 'best_rating', 'object_part_of_series_type', 'location_name', 'movie_type', 'movie_name', 'object_location_type']
[D 190812 11:39:06 slot-classifier:183] Lenght SlotList: 40
[I 190812 11:39:06 slot-classifier:128] Loading 'dev' Data
[W 190812 11:39:06 slot-classifier:194] sentences: len train: 13931, len test: 701, len dev: 2104
[W 190812 11:39:06 slot-classifier:195] gold: len train: 13784, len test: 700, len dev: 2100
[W 190812 11:39:06 slot-classifier:199] len all sentences: 16736
[I 190812 11:39:06 slot-classifier:205] Splitting 'dev' Data
[I 190812 12:59:12 slot-classifier:49] ----Start of Program----
[D 190812 12:59:14 slot-classifier:182] all slots: ['NULL', 'party_size_number', 'restaurant_type', 'city', 'restaurant_name', 'country', 'timeRange', 'state', 'party_size_description', 'sort', 'cuisine', 'served_dish', 'spatial_relation', 'facility', 'poi', 'geographic_poi', 'condition_description', 'condition_temperature', 'current_location', 'artist', 'service', 'track', 'year', 'genre', 'music_item', 'album', 'playlist', 'entity_name', 'playlist_owner', 'object_name', 'object_type', 'rating_value', 'object_select', 'rating_unit', 'best_rating', 'object_part_of_series_type', 'location_name', 'movie_type', 'movie_name', 'object_location_type']
[D 190812 12:59:14 slot-classifier:183] Lenght SlotList: 40
[I 190812 12:59:14 slot-classifier:157] Loading 'train' Data
[D 190812 12:59:14 slot-classifier:182] all slots: ['NULL', 'party_size_number', 'restaurant_type', 'city', 'restaurant_name', 'country', 'timeRange', 'state', 'party_size_description', 'sort', 'cuisine', 'served_dish', 'spatial_relation', 'facility', 'poi', 'geographic_poi', 'condition_description', 'condition_temperature', 'current_location', 'artist', 'service', 'track', 'year', 'genre', 'music_item', 'album', 'playlist', 'entity_name', 'playlist_owner', 'object_name', 'object_type', 'rating_value', 'object_select', 'rating_unit', 'best_rating', 'object_part_of_series_type', 'location_name', 'movie_type', 'movie_name', 'object_location_type']
[D 190812 12:59:14 slot-classifier:183] Lenght SlotList: 40
[I 190812 12:59:14 slot-classifier:142] Loading 'test' Data
[D 190812 12:59:14 slot-classifier:182] all slots: ['NULL', 'party_size_number', 'restaurant_type', 'city', 'restaurant_name', 'country', 'timeRange', 'state', 'party_size_description', 'sort', 'cuisine', 'served_dish', 'spatial_relation', 'facility', 'poi', 'geographic_poi', 'condition_description', 'condition_temperature', 'current_location', 'artist', 'service', 'track', 'year', 'genre', 'music_item', 'album', 'playlist', 'entity_name', 'playlist_owner', 'object_name', 'object_type', 'rating_value', 'object_select', 'rating_unit', 'best_rating', 'object_part_of_series_type', 'location_name', 'movie_type', 'movie_name', 'object_location_type']
[D 190812 12:59:14 slot-classifier:183] Lenght SlotList: 40
[I 190812 12:59:14 slot-classifier:128] Loading 'dev' Data
[W 190812 12:59:14 slot-classifier:194] sentences: len train: 13784, len test: 700, len dev: 2100
[W 190812 12:59:14 slot-classifier:195] gold: len train: 13784, len test: 700, len dev: 2100
[W 190812 12:59:14 slot-classifier:199] len all sentences: 16584
[I 190812 12:59:14 slot-classifier:205] Splitting 'dev' Data
[W 190812 12:59:14 slot-classifier:55] vocab_size: 12722
[I 190812 12:59:14 slot-classifier:61] Loading existing embedding matrix
[I 190812 12:59:14 slot-classifier:65] Finished Loading Embedding Matrix
[I 190812 13:14:21 intent-classifier:49] ----Start of Program----
[I 190812 13:14:22 intent-classifier:179] Loading 'train' Data
[I 190812 13:14:44 intent-classifier:151] Loading 'dev' Data
[I 190812 13:14:45 intent-classifier:123] Loading 'dev_short' Data
[I 190812 13:20:57 intent-classifier:49] ----Start of Program----
[I 190812 13:20:58 intent-classifier:179] Loading 'train' Data
[I 190812 13:20:59 intent-classifier:151] Loading 'test' Data
[I 190812 13:21:22 intent-classifier:123] Loading 'dev' Data
[W 190812 13:21:22 intent-classifier:217] len train: 700, len dev: 13784, len dev: 2100
[W 190812 13:21:22 intent-classifier:222] len all sentences: 16584
[I 190812 13:21:22 intent-classifier:228] Splitting 'dev' Data
[W 190812 13:21:22 intent-classifier:55] vocab_size: 12767
[I 190812 13:21:22 intent-classifier:68] Creating Embedding Matrix
[I 190812 13:23:49 slot-classifier:49] ----Start of Program----
[D 190812 13:23:50 slot-classifier:182] all slots: ['NULL', 'party_size_number', 'restaurant_type', 'city', 'restaurant_name', 'country', 'timeRange', 'state', 'party_size_description', 'sort', 'cuisine', 'served_dish', 'spatial_relation', 'facility', 'poi', 'geographic_poi', 'condition_description', 'condition_temperature', 'current_location', 'artist', 'service', 'track', 'year', 'genre', 'music_item', 'album', 'playlist', 'entity_name', 'playlist_owner', 'object_name', 'object_type', 'rating_value', 'object_select', 'rating_unit', 'best_rating', 'object_part_of_series_type', 'location_name', 'movie_type', 'movie_name', 'object_location_type']
[D 190812 13:23:50 slot-classifier:183] Lenght SlotList: 40
[I 190812 13:23:50 slot-classifier:157] Loading 'train' Data
[D 190812 13:23:50 slot-classifier:182] all slots: ['NULL', 'party_size_number', 'restaurant_type', 'city', 'restaurant_name', 'country', 'timeRange', 'state', 'party_size_description', 'sort', 'cuisine', 'served_dish', 'spatial_relation', 'facility', 'poi', 'geographic_poi', 'condition_description', 'condition_temperature', 'current_location', 'artist', 'service', 'track', 'year', 'genre', 'music_item', 'album', 'playlist', 'entity_name', 'playlist_owner', 'object_name', 'object_type', 'rating_value', 'object_select', 'rating_unit', 'best_rating', 'object_part_of_series_type', 'location_name', 'movie_type', 'movie_name', 'object_location_type']
[D 190812 13:23:50 slot-classifier:183] Lenght SlotList: 40
[I 190812 13:23:50 slot-classifier:142] Loading 'test' Data
[D 190812 13:23:51 slot-classifier:182] all slots: ['NULL', 'party_size_number', 'restaurant_type', 'city', 'restaurant_name', 'country', 'timeRange', 'state', 'party_size_description', 'sort', 'cuisine', 'served_dish', 'spatial_relation', 'facility', 'poi', 'geographic_poi', 'condition_description', 'condition_temperature', 'current_location', 'artist', 'service', 'track', 'year', 'genre', 'music_item', 'album', 'playlist', 'entity_name', 'playlist_owner', 'object_name', 'object_type', 'rating_value', 'object_select', 'rating_unit', 'best_rating', 'object_part_of_series_type', 'location_name', 'movie_type', 'movie_name', 'object_location_type']
[D 190812 13:23:51 slot-classifier:183] Lenght SlotList: 40
[I 190812 13:23:51 slot-classifier:128] Loading 'dev' Data
[W 190812 13:23:51 slot-classifier:194] sentences: len train: 700, len test: 13784, len dev: 2100
[W 190812 13:23:51 slot-classifier:195] gold: len train: 700, len test: 13784, len dev: 2100
[W 190812 13:23:51 slot-classifier:199] len all sentences: 16584
[I 190812 13:23:51 slot-classifier:205] Splitting 'dev' Data
[W 190812 13:23:51 slot-classifier:55] vocab_size: 12722
[I 190812 13:23:51 slot-classifier:68] Creating Embedding Matrix
[I 190812 13:34:23 intent-classifier:49] ----Start of Program----
[I 190812 13:34:23 slot-classifier:49] ----Start of Program----
[I 190812 13:34:24 intent-classifier:179] Loading 'train' Data
[I 190812 13:34:24 intent-classifier:151] Loading 'test' Data
[D 190812 13:34:25 slot-classifier:182] all slots: ['NULL', 'party_size_number', 'restaurant_type', 'city', 'restaurant_name', 'country', 'timeRange', 'state', 'party_size_description', 'sort', 'cuisine', 'served_dish', 'spatial_relation', 'facility', 'poi', 'geographic_poi', 'condition_description', 'condition_temperature', 'current_location', 'artist', 'service', 'track', 'year', 'genre', 'music_item', 'album', 'playlist', 'entity_name', 'playlist_owner', 'object_name', 'object_type', 'rating_value', 'object_select', 'rating_unit', 'best_rating', 'object_part_of_series_type', 'location_name', 'movie_type', 'movie_name', 'object_location_type']
[D 190812 13:34:25 slot-classifier:183] Lenght SlotList: 40
[I 190812 13:34:25 slot-classifier:157] Loading 'train' Data
[D 190812 13:34:25 slot-classifier:182] all slots: ['NULL', 'party_size_number', 'restaurant_type', 'city', 'restaurant_name', 'country', 'timeRange', 'state', 'party_size_description', 'sort', 'cuisine', 'served_dish', 'spatial_relation', 'facility', 'poi', 'geographic_poi', 'condition_description', 'condition_temperature', 'current_location', 'artist', 'service', 'track', 'year', 'genre', 'music_item', 'album', 'playlist', 'entity_name', 'playlist_owner', 'object_name', 'object_type', 'rating_value', 'object_select', 'rating_unit', 'best_rating', 'object_part_of_series_type', 'location_name', 'movie_type', 'movie_name', 'object_location_type']
[D 190812 13:34:25 slot-classifier:183] Lenght SlotList: 40
[I 190812 13:34:25 slot-classifier:142] Loading 'test' Data
[D 190812 13:34:25 slot-classifier:182] all slots: ['NULL', 'party_size_number', 'restaurant_type', 'city', 'restaurant_name', 'country', 'timeRange', 'state', 'party_size_description', 'sort', 'cuisine', 'served_dish', 'spatial_relation', 'facility', 'poi', 'geographic_poi', 'condition_description', 'condition_temperature', 'current_location', 'artist', 'service', 'track', 'year', 'genre', 'music_item', 'album', 'playlist', 'entity_name', 'playlist_owner', 'object_name', 'object_type', 'rating_value', 'object_select', 'rating_unit', 'best_rating', 'object_part_of_series_type', 'location_name', 'movie_type', 'movie_name', 'object_location_type']
[D 190812 13:34:25 slot-classifier:183] Lenght SlotList: 40
[I 190812 13:34:25 slot-classifier:128] Loading 'dev' Data
[W 190812 13:34:25 slot-classifier:196] sentences: len train: 700, len test: 13784, len dev: 2100
[W 190812 13:34:25 slot-classifier:197] gold: len train: 700, len test: 13784, len dev: 2100
[W 190812 13:34:25 slot-classifier:203] len all sentences: 700
[I 190812 13:34:25 slot-classifier:209] Splitting 'dev' Data
[W 190812 13:34:26 slot-classifier:55] vocab_size: 12722
[I 190812 13:34:26 slot-classifier:68] Creating Embedding Matrix
[I 190812 13:34:48 intent-classifier:123] Loading 'dev' Data
[W 190812 13:34:49 intent-classifier:219] sentences: len train: 700, len test: 13784, len dev: 2100
[W 190812 13:34:49 intent-classifier:220] gold: len train: 700, len test: 13784, len dev: 2100
[W 190812 13:34:49 intent-classifier:226] len all sentences: 700
[I 190812 13:34:49 intent-classifier:232] Splitting 'dev' Data
[W 190812 13:34:49 intent-classifier:55] vocab_size: 12767
[I 190812 13:34:49 intent-classifier:68] Creating Embedding Matrix
[I 190812 13:48:30 intent-classifier:49] ----Start of Program----
[I 190812 13:48:32 intent-classifier:179] Loading 'train' Data
[I 190812 13:48:32 intent-classifier:151] Loading 'test' Data
[I 190812 13:48:32 slot-classifier:49] ----Start of Program----
[I 190812 13:48:34 slot-classifier:157] Loading 'train' Data
[I 190812 13:48:34 slot-classifier:142] Loading 'test' Data
[I 190812 13:48:35 slot-classifier:128] Loading 'dev' Data
[W 190812 13:48:35 slot-classifier:196] sentences: len train: 700, len test: 13784, len dev: 2100
[W 190812 13:48:35 slot-classifier:197] gold: len train: 700, len test: 13784, len dev: 2100
[W 190812 13:48:35 slot-classifier:203] len all sentences: 700
[I 190812 13:48:35 slot-classifier:209] Splitting 'dev' Data
[W 190812 13:48:35 slot-classifier:55] vocab_size: 12722
[I 190812 13:48:35 slot-classifier:68] Creating Embedding Matrix
[I 190812 13:48:58 intent-classifier:123] Loading 'dev' Data
[W 190812 13:48:59 intent-classifier:219] sentences: len train: 700, len test: 13784, len dev: 2100
[W 190812 13:48:59 intent-classifier:220] gold: len train: 700, len test: 13784, len dev: 2100
[W 190812 13:48:59 intent-classifier:226] len all sentences: 700
[I 190812 13:48:59 intent-classifier:232] Splitting 'dev' Data
[W 190812 13:48:59 intent-classifier:55] vocab_size: 12767
[I 190812 13:48:59 intent-classifier:68] Creating Embedding Matrix
[I 190812 13:58:10 intent-classifier:49] ----Start of Program----
[I 190812 13:58:12 intent-classifier:179] Loading 'train' Data
[I 190812 13:58:12 intent-classifier:151] Loading 'test' Data
[I 190812 13:58:12 slot-classifier:49] ----Start of Program----
[I 190812 13:58:14 slot-classifier:157] Loading 'train' Data
[I 190812 13:58:14 slot-classifier:142] Loading 'test' Data
[I 190812 13:58:14 slot-classifier:128] Loading 'dev' Data
[W 190812 13:58:14 slot-classifier:196] sentences: len train: 700, len test: 13784, len dev: 2100
[W 190812 13:58:14 slot-classifier:197] gold: len train: 700, len test: 13784, len dev: 2100
[W 190812 13:58:14 slot-classifier:203] len all sentences: 700
[I 190812 13:58:15 slot-classifier:209] Splitting 'dev' Data
[W 190812 13:58:15 slot-classifier:55] vocab_size: 12722
[I 190812 13:58:15 slot-classifier:68] Creating Embedding Matrix
[I 190812 13:58:36 intent-classifier:123] Loading 'dev' Data
[W 190812 13:58:36 intent-classifier:219] sentences: len train: 700, len test: 13784, len dev: 2100
[W 190812 13:58:36 intent-classifier:220] gold: len train: 700, len test: 13784, len dev: 2100
[W 190812 13:58:36 intent-classifier:226] len all sentences: 700
[I 190812 13:58:36 intent-classifier:232] Splitting 'dev' Data
[W 190812 13:58:36 intent-classifier:55] vocab_size: 12767
[I 190812 13:58:36 intent-classifier:68] Creating Embedding Matrix
[I 190812 14:16:43 slot-classifier:49] ----Start of Program----
[I 190812 14:16:43 intent-classifier:49] ----Start of Program----
[I 190812 14:16:44 slot-classifier:157] Loading 'train' Data
[I 190812 14:16:44 slot-classifier:142] Loading 'test' Data
[I 190812 14:16:44 slot-classifier:128] Loading 'dev' Data
[I 190812 14:16:44 intent-classifier:179] Loading 'train' Data
[W 190812 14:16:44 slot-classifier:196] sentences: len train: 700, len test: 13784, len dev: 2100
[W 190812 14:16:44 slot-classifier:197] gold: len train: 700, len test: 13784, len dev: 2100
[W 190812 14:16:44 slot-classifier:203] len all sentences: 700
[I 190812 14:16:45 intent-classifier:151] Loading 'test' Data
[I 190812 14:16:45 slot-classifier:209] Splitting 'dev' Data
[W 190812 14:16:45 slot-classifier:55] vocab_size: 12722
[I 190812 14:16:45 slot-classifier:68] Creating Embedding Matrix
[I 190812 14:17:25 intent-classifier:123] Loading 'dev' Data
[W 190812 14:17:27 intent-classifier:219] sentences: len train: 700, len test: 13784, len dev: 2100
[W 190812 14:17:27 intent-classifier:220] gold: len train: 700, len test: 13784, len dev: 2100
[W 190812 14:17:27 intent-classifier:226] len all sentences: 700
[I 190812 14:17:27 intent-classifier:232] Splitting 'dev' Data
[W 190812 14:17:27 intent-classifier:55] vocab_size: 12767
[I 190812 14:17:27 intent-classifier:68] Creating Embedding Matrix
[I 190812 14:36:16 slot-classifier:92] Finished Embedding Matrix Creation, dumped it.
[I 190812 14:43:41 intent-classifier:92] Finished Embedding Matrix Creation, dumped it.
[I 190812 17:14:39 intent-classifier:49] ----Start of Program----
[I 190812 17:16:43 intent-classifier:179] Loading 'train' Data
[I 190812 17:16:43 intent-classifier:151] Loading 'test' Data
[I 190812 17:17:14 intent-classifier:123] Loading 'dev' Data
[W 190812 17:17:14 intent-classifier:219] sentences: len train: 700, len test: 13784, len dev: 71
[W 190812 17:17:14 intent-classifier:220] gold: len train: 700, len test: 13784, len dev: 71
[W 190812 17:17:14 intent-classifier:226] len all sentences: 700
[I 190812 17:17:14 intent-classifier:232] Splitting 'dev' Data
[W 190812 17:17:14 intent-classifier:55] vocab_size: 12067
[I 190812 17:17:14 intent-classifier:61] Loading existing embedding matrix
[I 190812 17:17:15 intent-classifier:65] Finished Loading Embedding Matrix
[I 190812 17:18:42 intent-classifier:49] ----Start of Program----
[I 190812 17:18:43 intent-classifier:179] Loading 'train' Data
[I 190812 17:18:43 intent-classifier:151] Loading 'test' Data
[I 190812 17:19:14 intent-classifier:123] Loading 'dev' Data
[W 190812 17:19:14 intent-classifier:219] sentences: len train: 700, len test: 13784, len dev: 71
[W 190812 17:19:14 intent-classifier:220] gold: len train: 700, len test: 13784, len dev: 71
[W 190812 17:19:14 intent-classifier:226] len all sentences: 700
[I 190812 17:19:15 intent-classifier:232] Splitting 'dev' Data
[W 190812 17:19:15 intent-classifier:55] vocab_size: 12067
[I 190812 17:19:15 intent-classifier:68] Creating Embedding Matrix
[I 190812 17:34:32 intent-classifier:92] Finished Embedding Matrix Creation, dumped it.
[I 190812 17:37:25 slot-classifier:49] ----Start of Program----
[I 190812 17:37:26 intent-classifier:49] ----Start of Program----
[I 190812 17:37:27 slot-classifier:157] Loading 'train' Data
[I 190812 17:37:27 slot-classifier:142] Loading 'test' Data
[I 190812 17:37:28 slot-classifier:128] Loading 'dev' Data
[W 190812 17:37:28 slot-classifier:196] sentences: len train: 700, len test: 13784, len dev: 2100
[W 190812 17:37:28 slot-classifier:197] gold: len train: 700, len test: 13784, len dev: 2100
[W 190812 17:37:28 slot-classifier:203] len all sentences: 700
[I 190812 17:37:28 intent-classifier:179] Loading 'train' Data
[I 190812 17:37:28 intent-classifier:151] Loading 'test' Data
[I 190812 17:37:28 slot-classifier:209] Splitting 'dev' Data
[W 190812 17:37:28 slot-classifier:55] vocab_size: 12721
[I 190812 17:37:28 slot-classifier:68] Creating Embedding Matrix
[I 190812 17:38:05 intent-classifier:123] Loading 'dev' Data
[W 190812 17:38:05 intent-classifier:219] sentences: len train: 700, len test: 13784, len dev: 71
[W 190812 17:38:05 intent-classifier:220] gold: len train: 700, len test: 13784, len dev: 71
[W 190812 17:38:05 intent-classifier:226] len all sentences: 700
[I 190812 17:38:05 intent-classifier:232] Splitting 'dev' Data
[W 190812 17:38:05 intent-classifier:55] vocab_size: 12066
[I 190812 17:38:05 intent-classifier:68] Creating Embedding Matrix
[I 190812 18:01:53 intent-classifier:92] Finished Embedding Matrix Creation, dumped it.
[I 190812 18:02:09 slot-classifier:92] Finished Embedding Matrix Creation, dumped it.
[I 190812 20:13:59 intent-classifier:49] ----Start of Program----
[I 190812 20:14:01 intent-classifier:179] Loading 'train' Data
[I 190812 20:14:01 intent-classifier:151] Loading 'test' Data
[I 190812 20:14:35 intent-classifier:123] Loading 'dev' Data
[W 190812 20:14:35 intent-classifier:219] sentences: len train: 700, len test: 13784, len dev: 71
[W 190812 20:14:35 intent-classifier:220] gold: len train: 700, len test: 13784, len dev: 71
[W 190812 20:14:35 intent-classifier:226] len all sentences: 700
[I 190812 20:14:35 intent-classifier:232] Splitting 'dev' Data
[W 190812 20:14:35 intent-classifier:55] vocab_size: 12067
[I 190812 20:14:35 intent-classifier:61] Loading existing embedding matrix
[I 190812 20:14:36 intent-classifier:65] Finished Loading Embedding Matrix
[I 190812 20:14:36 intent-classifier:104] Compiling model
[I 190812 20:14:36 intent-classifier:107] Model Summary: None
[I 190812 20:14:36 intent-classifier:109] Fitting model
[I 190812 20:14:41 intent-classifier:112] Evaluating model
[I 190812 20:14:42 intent-classifier:114] Accuracy: 70.833331
[I 190812 20:14:42 intent-classifier:115] ----End of Programm----
[I 190812 20:16:00 intent-classifier:49] ----Start of Program----
[I 190812 20:16:02 intent-classifier:179] Loading 'train' Data
[I 190812 20:16:02 intent-classifier:151] Loading 'test' Data
[I 190812 20:16:36 intent-classifier:123] Loading 'dev' Data
[W 190812 20:16:36 intent-classifier:219] sentences: len train: 700, len test: 13784, len dev: 2100
[W 190812 20:16:36 intent-classifier:220] gold: len train: 700, len test: 13784, len dev: 2100
[W 190812 20:16:36 intent-classifier:226] len all sentences: 700
[I 190812 20:16:37 intent-classifier:232] Splitting 'dev' Data
[W 190812 20:16:37 intent-classifier:55] vocab_size: 12767
[I 190812 20:16:37 intent-classifier:61] Loading existing embedding matrix
[I 190812 20:16:37 intent-classifier:65] Finished Loading Embedding Matrix
[I 190812 20:18:53 intent-classifier:49] ----Start of Program----
[I 190812 20:18:55 intent-classifier:179] Loading 'train' Data
[I 190812 20:18:55 intent-classifier:151] Loading 'test' Data
[I 190812 20:19:30 intent-classifier:123] Loading 'dev' Data
[W 190812 20:19:30 intent-classifier:219] sentences: len train: 700, len test: 13784, len dev: 2100
[W 190812 20:19:30 intent-classifier:220] gold: len train: 700, len test: 13784, len dev: 2100
[W 190812 20:19:30 intent-classifier:226] len all sentences: 700
[I 190812 20:19:31 intent-classifier:232] Splitting 'dev' Data
[W 190812 20:19:31 intent-classifier:55] vocab_size: 12767
[I 190812 20:19:31 intent-classifier:68] Creating Embedding Matrix
[I 190812 20:42:25 intent-classifier:92] Finished Embedding Matrix Creation, dumped it.
[I 190812 20:43:54 intent-classifier:49] ----Start of Program----
[I 190812 20:43:56 intent-classifier:179] Loading 'train' Data
[I 190812 20:43:56 intent-classifier:151] Loading 'test' Data
[I 190812 20:44:27 intent-classifier:123] Loading 'dev' Data
[W 190812 20:44:28 intent-classifier:219] sentences: len train: 700, len test: 13784, len dev: 2100
[W 190812 20:44:28 intent-classifier:220] gold: len train: 700, len test: 13784, len dev: 2100
[W 190812 20:44:28 intent-classifier:226] len all sentences: 700
[I 190812 20:44:28 intent-classifier:232] Splitting 'dev' Data
[W 190812 20:44:28 intent-classifier:55] vocab_size: 12768
[I 190812 20:44:28 intent-classifier:61] Loading existing embedding matrix
[I 190812 20:44:28 intent-classifier:65] Finished Loading Embedding Matrix
[I 190812 20:44:29 intent-classifier:104] Compiling model
[I 190812 20:44:29 intent-classifier:107] Model Summary: None
[I 190812 20:44:29 intent-classifier:109] Fitting model
[I 190812 20:45:57 intent-classifier:112] Evaluating model
[I 190812 20:45:57 intent-classifier:114] Accuracy: 97.691196
[I 190812 20:45:57 intent-classifier:115] ----End of Programm----
[I 190812 20:48:42 intent-classifier:49] ----Start of Program----
[I 190812 20:48:44 intent-classifier:179] Loading 'train' Data
[I 190812 20:48:44 intent-classifier:151] Loading 'test' Data
[I 190812 20:49:18 intent-classifier:123] Loading 'dev' Data
[W 190812 20:49:19 intent-classifier:219] sentences: len train: 700, len test: 13784, len dev: 2100
[W 190812 20:49:19 intent-classifier:220] gold: len train: 700, len test: 13784, len dev: 2100
[W 190812 20:49:19 intent-classifier:226] len all sentences: 700
[I 190812 20:49:19 intent-classifier:232] Splitting 'dev' Data
[W 190812 20:49:19 intent-classifier:55] vocab_size: 12765
[I 190812 20:49:19 intent-classifier:68] Creating Embedding Matrix
[I 190812 21:23:23 intent-classifier:49] ----Start of Program----
[I 190812 21:23:25 intent-classifier:182] Loading 'train' Data
[I 190812 21:23:25 intent-classifier:154] Loading 'test' Data
[I 190812 21:24:04 intent-classifier:126] Loading 'dev' Data
[W 190812 21:24:05 intent-classifier:222] sentences: len train: 700, len test: 13784, len dev: 2100
[W 190812 21:24:05 intent-classifier:223] gold: len train: 700, len test: 13784, len dev: 2100
[W 190812 21:24:05 intent-classifier:229] len all sentences: 16584
[I 190812 21:24:05 intent-classifier:235] Splitting 'dev' Data
[W 190812 21:24:05 intent-classifier:55] vocab_size: 12765
[I 190812 21:24:05 intent-classifier:68] Creating Embedding Matrix
[E 190812 21:47:43 intent-classifier:84] i: 12765
    Traceback (most recent call last):
      File "intent-classifier.py", line 82, in main
        embedding_matrix[i] = embedding_vector[0][1][0]
    IndexError: index 12765 is out of bounds for axis 0 with size 12765
[I 190812 21:47:43 intent-classifier:95] Finished Embedding Matrix Creation, dumped it.
[I 190812 21:47:44 intent-classifier:107] Compiling model
[I 190812 21:47:44 intent-classifier:110] Model Summary: None
[I 190812 21:47:44 intent-classifier:112] Fitting model
[I 190812 21:49:13 intent-classifier:115] Evaluating model
[I 190812 21:49:14 intent-classifier:117] Accuracy: 97.258300
[I 190812 21:49:14 intent-classifier:118] ----End of Programm----
[I 190812 21:50:31 intent-classifier:49] ----Start of Program----
[I 190812 21:50:32 intent-classifier:182] Loading 'train' Data
[I 190812 21:50:32 intent-classifier:154] Loading 'test' Data
[I 190812 21:51:04 intent-classifier:126] Loading 'dev' Data
[W 190812 21:51:05 intent-classifier:222] sentences: len train: 700, len test: 13784, len dev: 2100
[W 190812 21:51:05 intent-classifier:223] gold: len train: 700, len test: 13784, len dev: 2100
[W 190812 21:51:05 intent-classifier:229] len all sentences: 16584
[I 190812 21:51:05 intent-classifier:235] Splitting 'dev' Data
[W 190812 21:51:05 intent-classifier:55] vocab_size: 12765
[I 190812 21:51:05 intent-classifier:61] Loading existing embedding matrix
[I 190812 21:51:05 intent-classifier:65] Finished Loading Embedding Matrix
[I 190812 21:51:06 intent-classifier:107] Compiling model
[I 190812 21:51:06 intent-classifier:110] Model Summary: None
[I 190812 21:51:06 intent-classifier:112] Fitting model
[I 190812 21:52:34 intent-classifier:115] Evaluating model
[I 190812 21:52:34 intent-classifier:117] Accuracy: 97.691196
[I 190812 21:52:34 intent-classifier:118] ----End of Programm----
[D 190814 11:49:41 postagtest:79] Train Utterance: [1628]
[D 190814 11:49:41 postagtest:80] Test Utterance: [1]
[D 190814 11:49:41 postagtest:81] Train Slots: [24, 24, 24, 24, 24, 26, 24, 12, 9, 24]
[D 190814 11:49:41 postagtest:82] Test Slots: [24, 24, 24, 2, 24, 24, 31, 31, 31, 24, 14, 14, 24]
[D 190814 11:49:41 postagtest:87] Maximum utterance lenght: 5
[D 190814 11:49:41 postagtest:95] Train Utterance: [1628    0    0    0    0]
[D 190814 11:49:41 postagtest:96] Test Utterance: [1 0 0 0 0]
[D 190814 11:49:41 postagtest:97] Train Slots: [26 24 12  9 24]
[D 190814 11:49:41 postagtest:98] Test Slots: [31 24 14 14 24]
[D 190814 11:49:43 postagtest:115] Slots to categorical: [[0. 0. 0. 0. 0. 0. 0. 0. 0. 0. 0. 0. 0. 0. 0. 0. 0. 0. 0. 0. 0. 0. 0. 0.
      0. 0. 1. 0. 0. 0. 0. 0. 0. 0. 0. 0. 0. 0. 0. 0. 0.]
     [0. 0. 0. 0. 0. 0. 0. 0. 0. 0. 0. 0. 0. 0. 0. 0. 0. 0. 0. 0. 0. 0. 0. 0.
      1. 0. 0. 0. 0. 0. 0. 0. 0. 0. 0. 0. 0. 0. 0. 0. 0.]
     [0. 0. 0. 0. 0. 0. 0. 0. 0. 0. 0. 0. 1. 0. 0. 0. 0. 0. 0. 0. 0. 0. 0. 0.
      0. 0. 0. 0. 0. 0. 0. 0. 0. 0. 0. 0. 0. 0. 0. 0. 0.]
     [0. 0. 0. 0. 0. 0. 0. 0. 0. 1. 0. 0. 0. 0. 0. 0. 0. 0. 0. 0. 0. 0. 0. 0.
      0. 0. 0. 0. 0. 0. 0. 0. 0. 0. 0. 0. 0. 0. 0. 0. 0.]
     [0. 0. 0. 0. 0. 0. 0. 0. 0. 0. 0. 0. 0. 0. 0. 0. 0. 0. 0. 0. 0. 0. 0. 0.
      1. 0. 0. 0. 0. 0. 0. 0. 0. 0. 0. 0. 0. 0. 0. 0. 0.]]
[D 190814 11:50:38 postagtest:79] Train Utterance: [2003]
[D 190814 11:50:38 postagtest:80] Test Utterance: [1]
[D 190814 11:50:38 postagtest:81] Train Slots: [23, 23, 39, 23, 38, 16, 16, 23]
[D 190814 11:50:38 postagtest:82] Test Slots: [23, 23, 37, 12, 23, 19]
[D 190814 11:50:38 postagtest:87] Maximum utterance lenght: 5
[D 190814 11:50:38 postagtest:95] Train Utterance: [2003    0    0    0    0]
[D 190814 11:50:38 postagtest:96] Test Utterance: [1 0 0 0 0]
[D 190814 11:50:38 postagtest:97] Train Slots: [23 38 16 16 23]
[D 190814 11:50:38 postagtest:98] Test Slots: [23 37 12 23 19]
[D 190814 11:50:40 postagtest:115] Slots to categorical: [[0. 0. 0. 0. 0. 0. 0. 0. 0. 0. 0. 0. 0. 0. 0. 0. 0. 0. 0. 0. 0. 0. 0. 1.
      0. 0. 0. 0. 0. 0. 0. 0. 0. 0. 0. 0. 0. 0. 0. 0. 0.]
     [0. 0. 0. 0. 0. 0. 0. 0. 0. 0. 0. 0. 0. 0. 0. 0. 0. 0. 0. 0. 0. 0. 0. 0.
      0. 0. 0. 0. 0. 0. 0. 0. 0. 0. 0. 0. 0. 0. 1. 0. 0.]
     [0. 0. 0. 0. 0. 0. 0. 0. 0. 0. 0. 0. 0. 0. 0. 0. 1. 0. 0. 0. 0. 0. 0. 0.
      0. 0. 0. 0. 0. 0. 0. 0. 0. 0. 0. 0. 0. 0. 0. 0. 0.]
     [0. 0. 0. 0. 0. 0. 0. 0. 0. 0. 0. 0. 0. 0. 0. 0. 1. 0. 0. 0. 0. 0. 0. 0.
      0. 0. 0. 0. 0. 0. 0. 0. 0. 0. 0. 0. 0. 0. 0. 0. 0.]
     [0. 0. 0. 0. 0. 0. 0. 0. 0. 0. 0. 0. 0. 0. 0. 0. 0. 0. 0. 0. 0. 0. 0. 1.
      0. 0. 0. 0. 0. 0. 0. 0. 0. 0. 0. 0. 0. 0. 0. 0. 0.]]
[D 190814 11:57:23 postagtest:80] Train Utterance: [3640]
[D 190814 11:57:23 postagtest:81] Test Utterance: [1]
[D 190814 11:57:23 postagtest:82] Train Slots: [23, 23, 23, 23, 7, 23, 18, 39, 23, 12]
[D 190814 11:57:23 postagtest:83] Test Slots: [23, 23, 23, 33, 33, 23, 26, 26, 26, 23]
[D 190814 11:57:23 postagtest:88] Maximum utterance lenght: 6
[D 190814 11:57:23 postagtest:96] Train Utterance: [3640    0    0    0    0    0]
[D 190814 11:57:23 postagtest:97] Test Utterance: [1 0 0 0 0 0]
[D 190814 11:57:23 postagtest:98] Train Slots: [ 7 23 18 39 23 12]
[D 190814 11:57:23 postagtest:99] Test Slots: [33 23 26 26 26 23]
[D 190814 11:57:24 postagtest:116] Slots to categorical: [[0. 0. 0. 0. 0. 0. 0. 1. 0. 0. 0. 0. 0. 0. 0. 0. 0. 0. 0. 0. 0. 0. 0. 0.
      0. 0. 0. 0. 0. 0. 0. 0. 0. 0. 0. 0. 0. 0. 0. 0. 0.]
     [0. 0. 0. 0. 0. 0. 0. 0. 0. 0. 0. 0. 0. 0. 0. 0. 0. 0. 0. 0. 0. 0. 0. 1.
      0. 0. 0. 0. 0. 0. 0. 0. 0. 0. 0. 0. 0. 0. 0. 0. 0.]
     [0. 0. 0. 0. 0. 0. 0. 0. 0. 0. 0. 0. 0. 0. 0. 0. 0. 0. 1. 0. 0. 0. 0. 0.
      0. 0. 0. 0. 0. 0. 0. 0. 0. 0. 0. 0. 0. 0. 0. 0. 0.]
     [0. 0. 0. 0. 0. 0. 0. 0. 0. 0. 0. 0. 0. 0. 0. 0. 0. 0. 0. 0. 0. 0. 0. 0.
      0. 0. 0. 0. 0. 0. 0. 0. 0. 0. 0. 0. 0. 0. 0. 1. 0.]
     [0. 0. 0. 0. 0. 0. 0. 0. 0. 0. 0. 0. 0. 0. 0. 0. 0. 0. 0. 0. 0. 0. 0. 1.
      0. 0. 0. 0. 0. 0. 0. 0. 0. 0. 0. 0. 0. 0. 0. 0. 0.]
     [0. 0. 0. 0. 0. 0. 0. 0. 0. 0. 0. 0. 1. 0. 0. 0. 0. 0. 0. 0. 0. 0. 0. 0.
      0. 0. 0. 0. 0. 0. 0. 0. 0. 0. 0. 0. 0. 0. 0. 0. 0.]]
[D 190814 11:59:12 postagtest:80] Train Utterance: [1442]
[D 190814 11:59:12 postagtest:81] Test Utterance: [1]
[D 190814 11:59:12 postagtest:82] Train Slots: [5, 5, 5, 5, 5, 7, 6, 6, 6]
[D 190814 11:59:12 postagtest:83] Test Slots: [5, 5, 5, 22, 7, 5, 28, 5, 20]
[D 190814 11:59:12 postagtest:88] Maximum utterance lenght: 6
[D 190814 11:59:12 postagtest:96] Train Utterance: [1442    0    0    0    0    0]
[D 190814 11:59:12 postagtest:97] Test Utterance: [1 0 0 0 0 0]
[D 190814 11:59:12 postagtest:98] Train Slots: [5 5 7 6 6 6]
[D 190814 11:59:12 postagtest:99] Test Slots: [22  7  5 28  5 20]
[D 190814 11:59:14 postagtest:116] Slots to categorical: [[0. 0. 0. 0. 0. 1. 0. 0. 0. 0. 0. 0. 0. 0. 0. 0. 0. 0. 0. 0. 0. 0. 0. 0.
      0. 0. 0. 0. 0. 0. 0. 0. 0. 0. 0. 0. 0. 0. 0. 0. 0.]
     [0. 0. 0. 0. 0. 1. 0. 0. 0. 0. 0. 0. 0. 0. 0. 0. 0. 0. 0. 0. 0. 0. 0. 0.
      0. 0. 0. 0. 0. 0. 0. 0. 0. 0. 0. 0. 0. 0. 0. 0. 0.]
     [0. 0. 0. 0. 0. 0. 0. 1. 0. 0. 0. 0. 0. 0. 0. 0. 0. 0. 0. 0. 0. 0. 0. 0.
      0. 0. 0. 0. 0. 0. 0. 0. 0. 0. 0. 0. 0. 0. 0. 0. 0.]
     [0. 0. 0. 0. 0. 0. 1. 0. 0. 0. 0. 0. 0. 0. 0. 0. 0. 0. 0. 0. 0. 0. 0. 0.
      0. 0. 0. 0. 0. 0. 0. 0. 0. 0. 0. 0. 0. 0. 0. 0. 0.]
     [0. 0. 0. 0. 0. 0. 1. 0. 0. 0. 0. 0. 0. 0. 0. 0. 0. 0. 0. 0. 0. 0. 0. 0.
      0. 0. 0. 0. 0. 0. 0. 0. 0. 0. 0. 0. 0. 0. 0. 0. 0.]
     [0. 0. 0. 0. 0. 0. 1. 0. 0. 0. 0. 0. 0. 0. 0. 0. 0. 0. 0. 0. 0. 0. 0. 0.
      0. 0. 0. 0. 0. 0. 0. 0. 0. 0. 0. 0. 0. 0. 0. 0. 0.]]
[D 190814 12:01:11 postagtest:80] Train Utterance: [4686, 314]
[D 190814 12:01:11 postagtest:81] Test Utterance: [1]
[D 190814 12:01:11 postagtest:82] Train Slots: [29, 29, 29, 40, 29, 19, 29, 20, 20, 20]
[D 190814 12:01:11 postagtest:83] Test Slots: [29, 1, 1, 29, 18, 29]
[D 190814 12:01:11 postagtest:88] Maximum utterance lenght: 6
[D 190814 12:01:12 postagtest:96] Train Utterance: [4686  314    0    0    0    0]
[D 190814 12:01:12 postagtest:97] Test Utterance: [1 0 0 0 0 0]
[D 190814 12:01:12 postagtest:98] Train Slots: [29 19 29 20 20 20]
[D 190814 12:01:12 postagtest:99] Test Slots: [29  1  1 29 18 29]
[D 190814 12:01:13 postagtest:116] Slots to categorical: [[0. 0. 0. 0. 0. 0. 0. 0. 0. 0. 0. 0. 0. 0. 0. 0. 0. 0. 0. 0. 0. 0. 0. 0.
      0. 0. 0. 0. 0. 1. 0. 0. 0. 0. 0. 0. 0. 0. 0. 0. 0.]
     [0. 0. 0. 0. 0. 0. 0. 0. 0. 0. 0. 0. 0. 0. 0. 0. 0. 0. 0. 1. 0. 0. 0. 0.
      0. 0. 0. 0. 0. 0. 0. 0. 0. 0. 0. 0. 0. 0. 0. 0. 0.]
     [0. 0. 0. 0. 0. 0. 0. 0. 0. 0. 0. 0. 0. 0. 0. 0. 0. 0. 0. 0. 0. 0. 0. 0.
      0. 0. 0. 0. 0. 1. 0. 0. 0. 0. 0. 0. 0. 0. 0. 0. 0.]
     [0. 0. 0. 0. 0. 0. 0. 0. 0. 0. 0. 0. 0. 0. 0. 0. 0. 0. 0. 0. 1. 0. 0. 0.
      0. 0. 0. 0. 0. 0. 0. 0. 0. 0. 0. 0. 0. 0. 0. 0. 0.]
     [0. 0. 0. 0. 0. 0. 0. 0. 0. 0. 0. 0. 0. 0. 0. 0. 0. 0. 0. 0. 1. 0. 0. 0.
      0. 0. 0. 0. 0. 0. 0. 0. 0. 0. 0. 0. 0. 0. 0. 0. 0.]
     [0. 0. 0. 0. 0. 0. 0. 0. 0. 0. 0. 0. 0. 0. 0. 0. 0. 0. 0. 0. 1. 0. 0. 0.
      0. 0. 0. 0. 0. 0. 0. 0. 0. 0. 0. 0. 0. 0. 0. 0. 0.]]
[D 190814 12:02:13 postagtest:80] Train Utterance: [687, 8905]
[D 190814 12:02:13 postagtest:81] Test Utterance: [1]
[D 190814 12:02:13 postagtest:82] Train Slots: [16, 16, 16, 24, 16, 14, 16, 33, 33, 33]
[D 190814 12:02:13 postagtest:83] Test Slots: [16, 3, 3, 16, 17, 16]
[D 190814 12:02:13 postagtest:88] Maximum utterance lenght: 6
[D 190814 12:02:13 postagtest:96] Train Utterance: [ 687 8905    0    0    0    0]
[D 190814 12:02:13 postagtest:97] Test Utterance: [1 0 0 0 0 0]
[D 190814 12:02:13 postagtest:98] Train Slots: [16 14 16 33 33 33]
[D 190814 12:02:13 postagtest:99] Test Slots: [16  3  3 16 17 16]
[D 190814 12:02:15 postagtest:116] Slots to categorical: [[0. 0. 0. 0. 0. 0. 0. 0. 0. 0. 0. 0. 0. 0. 0. 0. 1. 0. 0. 0. 0. 0. 0. 0.
      0. 0. 0. 0. 0. 0. 0. 0. 0. 0. 0. 0. 0. 0. 0. 0. 0.]
     [0. 0. 0. 0. 0. 0. 0. 0. 0. 0. 0. 0. 0. 0. 1. 0. 0. 0. 0. 0. 0. 0. 0. 0.
      0. 0. 0. 0. 0. 0. 0. 0. 0. 0. 0. 0. 0. 0. 0. 0. 0.]
     [0. 0. 0. 0. 0. 0. 0. 0. 0. 0. 0. 0. 0. 0. 0. 0. 1. 0. 0. 0. 0. 0. 0. 0.
      0. 0. 0. 0. 0. 0. 0. 0. 0. 0. 0. 0. 0. 0. 0. 0. 0.]
     [0. 0. 0. 0. 0. 0. 0. 0. 0. 0. 0. 0. 0. 0. 0. 0. 0. 0. 0. 0. 0. 0. 0. 0.
      0. 0. 0. 0. 0. 0. 0. 0. 0. 1. 0. 0. 0. 0. 0. 0. 0.]
     [0. 0. 0. 0. 0. 0. 0. 0. 0. 0. 0. 0. 0. 0. 0. 0. 0. 0. 0. 0. 0. 0. 0. 0.
      0. 0. 0. 0. 0. 0. 0. 0. 0. 1. 0. 0. 0. 0. 0. 0. 0.]
     [0. 0. 0. 0. 0. 0. 0. 0. 0. 0. 0. 0. 0. 0. 0. 0. 0. 0. 0. 0. 0. 0. 0. 0.
      0. 0. 0. 0. 0. 0. 0. 0. 0. 1. 0. 0. 0. 0. 0. 0. 0.]]
[D 190814 12:03:23 postagtest:80] Train Utterance: [5663, 292]
[D 190814 12:03:23 postagtest:81] Test Utterance: [1]
[D 190814 12:03:23 postagtest:82] Train Slots: [34, 34, 34, 9, 34, 1, 34, 40, 40, 40]
[D 190814 12:03:23 postagtest:83] Test Slots: [34, 26, 26, 34, 39, 34]
[D 190814 12:03:23 postagtest:88] Maximum utterance lenght: 6
[D 190814 12:03:23 postagtest:96] Train Utterance: [5663  292    0    0    0    0]
[D 190814 12:03:23 postagtest:97] Test Utterance: [1 0 0 0 0 0]
[D 190814 12:03:23 postagtest:98] Train Slots: [34  1 34 40 40 40]
[D 190814 12:03:23 postagtest:99] Test Slots: [34 26 26 34 39 34]
[D 190814 12:03:25 postagtest:116] Slots to categorical: [[0. 0. 0. 0. 0. 0. 0. 0. 0. 0. 0. 0. 0. 0. 0. 0. 0. 0. 0. 0. 0. 0. 0. 0.
      0. 0. 0. 0. 0. 0. 0. 0. 0. 0. 1. 0. 0. 0. 0. 0. 0.]
     [0. 1. 0. 0. 0. 0. 0. 0. 0. 0. 0. 0. 0. 0. 0. 0. 0. 0. 0. 0. 0. 0. 0. 0.
      0. 0. 0. 0. 0. 0. 0. 0. 0. 0. 0. 0. 0. 0. 0. 0. 0.]
     [0. 0. 0. 0. 0. 0. 0. 0. 0. 0. 0. 0. 0. 0. 0. 0. 0. 0. 0. 0. 0. 0. 0. 0.
      0. 0. 0. 0. 0. 0. 0. 0. 0. 0. 1. 0. 0. 0. 0. 0. 0.]
     [0. 0. 0. 0. 0. 0. 0. 0. 0. 0. 0. 0. 0. 0. 0. 0. 0. 0. 0. 0. 0. 0. 0. 0.
      0. 0. 0. 0. 0. 0. 0. 0. 0. 0. 0. 0. 0. 0. 0. 0. 1.]
     [0. 0. 0. 0. 0. 0. 0. 0. 0. 0. 0. 0. 0. 0. 0. 0. 0. 0. 0. 0. 0. 0. 0. 0.
      0. 0. 0. 0. 0. 0. 0. 0. 0. 0. 0. 0. 0. 0. 0. 0. 1.]
     [0. 0. 0. 0. 0. 0. 0. 0. 0. 0. 0. 0. 0. 0. 0. 0. 0. 0. 0. 0. 0. 0. 0. 0.
      0. 0. 0. 0. 0. 0. 0. 0. 0. 0. 0. 0. 0. 0. 0. 0. 1.]]
[D 190814 12:04:36 postagtest:80] Train Utterance: [6996, 1646]
[D 190814 12:04:36 postagtest:81] Test Utterance: [1]
[D 190814 12:04:36 postagtest:82] Train Slots: [12, 12, 12, 14, 12, 36, 12, 19, 19, 19]
[D 190814 12:04:36 postagtest:83] Test Slots: [12, 32, 32, 12, 23, 12]
[D 190814 12:04:36 postagtest:88] Maximum utterance lenght: 6
[D 190814 12:04:36 postagtest:96] Train Utterance: [6996 1646    0    0    0    0]
[D 190814 12:04:36 postagtest:97] Test Utterance: [1 0 0 0 0 0]
[D 190814 12:04:36 postagtest:98] Train Slots: [12 36 12 19 19 19]
[D 190814 12:04:36 postagtest:99] Test Slots: [12 32 32 12 23 12]
[D 190814 12:04:38 postagtest:116] Slots to categorical: [[0. 0. 0. 0. 0. 0. 0. 0. 0. 0. 0. 0. 1. 0. 0. 0. 0. 0. 0. 0. 0. 0. 0. 0.
      0. 0. 0. 0. 0. 0. 0. 0. 0. 0. 0. 0. 0. 0. 0. 0. 0.]
     [0. 0. 0. 0. 0. 0. 0. 0. 0. 0. 0. 0. 0. 0. 0. 0. 0. 0. 0. 0. 0. 0. 0. 0.
      0. 0. 0. 0. 0. 0. 0. 0. 0. 0. 0. 0. 1. 0. 0. 0. 0.]
     [0. 0. 0. 0. 0. 0. 0. 0. 0. 0. 0. 0. 1. 0. 0. 0. 0. 0. 0. 0. 0. 0. 0. 0.
      0. 0. 0. 0. 0. 0. 0. 0. 0. 0. 0. 0. 0. 0. 0. 0. 0.]
     [0. 0. 0. 0. 0. 0. 0. 0. 0. 0. 0. 0. 0. 0. 0. 0. 0. 0. 0. 1. 0. 0. 0. 0.
      0. 0. 0. 0. 0. 0. 0. 0. 0. 0. 0. 0. 0. 0. 0. 0. 0.]
     [0. 0. 0. 0. 0. 0. 0. 0. 0. 0. 0. 0. 0. 0. 0. 0. 0. 0. 0. 1. 0. 0. 0. 0.
      0. 0. 0. 0. 0. 0. 0. 0. 0. 0. 0. 0. 0. 0. 0. 0. 0.]
     [0. 0. 0. 0. 0. 0. 0. 0. 0. 0. 0. 0. 0. 0. 0. 0. 0. 0. 0. 1. 0. 0. 0. 0.
      0. 0. 0. 0. 0. 0. 0. 0. 0. 0. 0. 0. 0. 0. 0. 0. 0.]]
[D 190814 12:08:16 postagtest:80] Train Utterance: [2511, 9573]
[D 190814 12:08:16 postagtest:81] Test Utterance: [1]
[D 190814 12:08:16 postagtest:82] Train Slots: [35, 35, 35, 11, 35, 30, 35, 16, 16, 16]
[D 190814 12:08:16 postagtest:83] Test Slots: [35, 7, 7, 35, 39, 35]
[D 190814 12:08:16 postagtest:88] Maximum utterance lenght: 6
[D 190814 12:08:16 postagtest:96] Train Utterance: [2511 9573    0    0    0    0]
[D 190814 12:08:16 postagtest:97] Test Utterance: [1 0 0 0 0 0]
[D 190814 12:08:16 postagtest:98] Train Slots: [35 30 35 16 16 16]
[D 190814 12:08:16 postagtest:99] Test Slots: [35  7  7 35 39 35]
[D 190814 12:09:37 postagtest:82] Train Utterance: [5417, 5767]
[D 190814 12:09:37 postagtest:83] Test Utterance: [1]
[D 190814 12:09:37 postagtest:84] Train Slots: [40, 40, 40, 11, 40, 27, 40, 9, 9, 9]
[D 190814 12:09:37 postagtest:85] Test Slots: [40, 35, 35, 40, 17, 40]
[D 190814 12:09:37 postagtest:90] Maximum utterance lenght: 6
[D 190814 12:09:37 postagtest:98] Train Utterance: [5417 5767    0    0    0    0]
[D 190814 12:09:37 postagtest:99] Test Utterance: [1 0 0 0 0 0]
[D 190814 12:09:37 postagtest:100] Train Slots: [40 27 40  9  9  9]
[D 190814 12:09:37 postagtest:101] Test Slots: [40 35 35 40 17 40]
[D 190814 12:11:30 postagtest:80] Train Utterance: [9572, 5831, 3056, 6083, 8093, 5528, 2658, 1188, 5831, 1604]
[D 190814 12:11:30 postagtest:81] Test Utterance: [7234, 5423, 21, 1113, 5238, 9469]
[D 190814 12:11:30 postagtest:82] Train Slots: [26, 26, 26, 4, 26, 31, 26, 8, 8, 8]
[D 190814 12:11:30 postagtest:83] Test Slots: [26, 18, 18, 26, 1, 26]
[D 190814 12:11:58 postagtest:80] Train Utterance: [6766, 7026, 6774, 5576, 9124, 9557, 8970, 9761, 7026, 3919]
[D 190814 12:11:58 postagtest:81] Test Utterance: [1618, 1075, 4841, 5898, 2156, 509]
[D 190814 12:11:58 postagtest:82] Train Slots: [8, 8, 8, 23, 8, 21, 8, 35, 35, 35]
[D 190814 12:11:58 postagtest:83] Test Slots: [8, 31, 31, 8, 32, 8]
[D 190814 12:11:58 postagtest:87] Maximum utterance lenght: 35
[D 190814 12:11:58 postagtest:95] Train Utterance: [6766 7026 6774 5576 9124 9557 8970 9761 7026 3919    0    0    0    0
        0    0    0    0    0    0    0    0    0    0    0    0    0    0
        0    0    0    0    0    0    0]
[D 190814 12:11:58 postagtest:96] Test Utterance: [1618 1075 4841 5898 2156  509    0    0    0    0    0    0    0    0
        0    0    0    0    0    0    0    0    0    0    0    0    0    0
        0    0    0    0    0    0    0]
[D 190814 12:11:58 postagtest:97] Train Slots: [ 8  8  8 23  8 21  8 35 35 35  0  0  0  0  0  0  0  0  0  0  0  0  0  0
      0  0  0  0  0  0  0  0  0  0  0]
[D 190814 12:11:58 postagtest:98] Test Slots: [ 8 31 31  8 32  8  0  0  0  0  0  0  0  0  0  0  0  0  0  0  0  0  0  0
      0  0  0  0  0  0  0  0  0  0  0]
[D 190814 12:12:01 postagtest:115] Slots to categorical: [[0. 0. 0. ... 0. 0. 0.]
     [0. 0. 0. ... 0. 0. 0.]
     [0. 0. 0. ... 0. 0. 0.]
     ...
     [1. 0. 0. ... 0. 0. 0.]
     [1. 0. 0. ... 0. 0. 0.]
     [1. 0. 0. ... 0. 0. 0.]]
[I 190828 09:29:47 intent-classifier:46] ----Start of Program----
[D 190828 09:29:47 intent-classifier:47] Learning Rate: 0.001 
[D 190828 09:29:47 intent-classifier:48] Batch Size: 30 
[D 190828 09:29:47 intent-classifier:49] Epochs: 50 
[I 190828 09:29:47 intent-classifier:52] ----Start of Program----
[I 190828 09:29:52 intent-classifier:180] Loading 'train' Data
[I 190828 09:31:15 intent-classifier:47] ----Start of Program----
[D 190828 09:31:15 intent-classifier:48] Learning Rate: 0.001 
[D 190828 09:31:15 intent-classifier:49] Batch Size: 30 
[D 190828 09:31:15 intent-classifier:50] Epochs: 50 
[I 190828 09:31:15 intent-classifier:53] ----Start of Program----
[I 190828 09:31:16 intent-classifier:181] Loading 'train' Data
[I 190828 09:31:41 intent-classifier:153] Loading 'test' Data
[I 190828 09:31:41 intent-classifier:125] Loading 'dev' Data
[W 190828 09:31:42 intent-classifier:221] utterances: len train: 13784, len test: 700, len dev: 2100
[W 190828 09:31:42 intent-classifier:222] gold: len train: 13784, len test: 700, len dev: 2100
[W 190828 09:31:42 intent-classifier:228] len all utterances: 16584
[I 190828 09:31:42 intent-classifier:234] Splitting 'dev' Data
[D 190828 09:31:42 intent-classifier:59] vocab_size: 12765
[I 190828 09:31:43 intent-classifier:106] Compiling model
[I 190828 09:31:43 intent-classifier:109] Model Summary: None
[I 190828 09:31:43 intent-classifier:111] Fitting model
[I 190828 09:36:15 intent-classifier:47] ----Start of Program----
[D 190828 09:36:15 intent-classifier:48] Learning Rate: 0.001 
[D 190828 09:36:15 intent-classifier:49] Batch Size: 30 
[D 190828 09:36:15 intent-classifier:50] Epochs: 50 
[I 190828 09:36:15 intent-classifier:53] ----Start of Program----
[I 190828 09:36:16 intent-classifier:125] Loading 'dev' Data
[W 190828 09:36:17 intent-classifier:228] len all utterances: 2100
[I 190828 09:36:17 intent-classifier:234] Splitting 'dev' Data
[D 190828 09:36:17 intent-classifier:59] vocab_size: 3474
[I 190828 09:36:17 intent-classifier:106] Compiling model
[I 190828 09:36:17 intent-classifier:109] Model Summary: None
[I 190828 09:36:17 intent-classifier:111] Fitting model
[I 190828 09:38:40 intent-classifier:47] ----Start of Program----
[D 190828 09:38:40 intent-classifier:48] Learning Rate: 0.001 
[D 190828 09:38:40 intent-classifier:49] Batch Size: 30 
[D 190828 09:38:40 intent-classifier:50] Epochs: 50 
[I 190828 09:38:40 intent-classifier:53] ----Start of Program----
[I 190828 09:38:41 intent-classifier:125] Loading 'dev' Data
[W 190828 09:38:42 intent-classifier:228] len all utterances: 2100
[I 190828 09:38:42 intent-classifier:234] Splitting 'dev' Data
[D 190828 09:38:42 intent-classifier:59] vocab_size: 3474
[I 190828 09:38:42 intent-classifier:106] Compiling model
[I 190828 09:38:42 intent-classifier:109] Model Summary: None
[I 190828 09:38:42 intent-classifier:111] Fitting model
[I 190828 09:38:54 intent-classifier:47] ----Start of Program----
[D 190828 09:38:54 intent-classifier:48] Learning Rate: 0.001 
[D 190828 09:38:54 intent-classifier:49] Batch Size: 30 
[D 190828 09:38:54 intent-classifier:50] Epochs: 50 
[I 190828 09:38:54 intent-classifier:53] ----Start of Program----
[I 190828 09:38:55 intent-classifier:125] Loading 'dev' Data
[W 190828 09:38:55 intent-classifier:228] len all utterances: 2100
[I 190828 09:38:55 intent-classifier:234] Splitting 'dev' Data
[D 190828 09:38:56 intent-classifier:59] vocab_size: 3474
[I 190828 09:38:56 intent-classifier:106] Compiling model
[I 190828 09:38:56 intent-classifier:109] Model Summary: None
[I 190828 09:38:56 intent-classifier:111] Fitting model
[I 190828 09:44:05 intent-classifier:47] ----Start of Program----
[D 190828 09:44:05 intent-classifier:48] Learning Rate: 0.001 
[D 190828 09:44:05 intent-classifier:49] Batch Size: 30 
[D 190828 09:44:05 intent-classifier:50] Epochs: 50 
[I 190828 09:44:05 intent-classifier:53] ----Start of Program----
[I 190828 09:44:06 intent-classifier:125] Loading 'dev' Data
[W 190828 09:44:06 intent-classifier:228] len all utterances: 2100
[I 190828 09:44:06 intent-classifier:234] Splitting 'dev' Data
[D 190828 09:44:06 intent-classifier:59] vocab_size: 3474
[I 190828 09:44:07 intent-classifier:106] Compiling model
[I 190828 09:44:07 intent-classifier:109] Model Summary: None
[I 190828 09:44:07 intent-classifier:111] Fitting model
[I 190828 09:47:11 intent-classifier:45] ----Start of Program----
[I 190828 09:48:50 intent-classifier:47] ----Start of Program----
[D 190828 09:48:50 intent-classifier:48] Learning Rate: 0.001 
[D 190828 09:48:50 intent-classifier:49] Batch Size: 30 
[D 190828 09:48:50 intent-classifier:50] Epochs: 50 
[I 190828 09:48:50 intent-classifier:53] ----Start of Program----
[I 190828 09:48:51 intent-classifier:121] Loading 'dev' Data
[W 190828 09:48:52 intent-classifier:224] len all utterances: 2100
[I 190828 09:48:52 intent-classifier:230] Splitting 'dev' Data
[D 190828 09:48:52 intent-classifier:59] vocab_size: 3474
[I 190828 09:48:52 intent-classifier:102] Compiling model
[I 190828 09:48:52 intent-classifier:105] Model Summary: None
[I 190828 09:48:52 intent-classifier:107] Fitting model
[I 190828 09:50:39 intent-classifier:110] Evaluating model
[I 190828 09:50:39 intent-classifier:112] Accuracy: 96.825397
[I 190828 09:50:39 intent-classifier:113] ----End of Programm----
[I 190828 09:57:51 intent-classifier:47] ----Start of Program----
[D 190828 09:57:51 intent-classifier:48] Learning Rate: 0.001 
[D 190828 09:57:51 intent-classifier:49] Batch Size: 30 
[D 190828 09:57:51 intent-classifier:50] Epochs: 50 
[I 190828 09:57:51 intent-classifier:53] ----Start of Program----
[I 190828 09:57:52 intent-classifier:121] Loading 'dev' Data
[W 190828 09:57:53 intent-classifier:224] len all utterances: 2100
[I 190828 09:57:53 intent-classifier:230] Splitting 'dev' Data
[D 190828 09:57:53 intent-classifier:59] vocab_size: 3474
[I 190828 09:57:53 intent-classifier:102] Compiling model
[I 190828 09:57:53 intent-classifier:105] Model Summary: None
[I 190828 09:57:53 intent-classifier:107] Fitting model
[I 190828 09:59:51 intent-classifier:110] Evaluating model
[I 190828 09:59:51 intent-classifier:112] Accuracy: 93.506491
[I 190828 09:59:51 intent-classifier:113] ----End of Programm----
[I 190828 10:02:50 intent-classifier:47] ----Start of Program----
[D 190828 10:02:50 intent-classifier:48] Learning Rate: 0.001 
[D 190828 10:02:50 intent-classifier:49] Batch Size: 30 
[D 190828 10:02:50 intent-classifier:50] Epochs: 50 
[I 190828 10:02:50 intent-classifier:53] ----Start of Program----
[I 190828 10:02:51 intent-classifier:121] Loading 'dev' Data
[W 190828 10:02:52 intent-classifier:224] len all utterances: 2100
[I 190828 10:02:52 intent-classifier:230] Splitting 'dev' Data
[D 190828 10:02:52 intent-classifier:59] vocab_size: 3474
[I 190828 10:02:52 intent-classifier:102] Compiling model
[I 190828 10:02:52 intent-classifier:105] Model Summary: None
[I 190828 10:02:52 intent-classifier:107] Fitting model
[I 190828 10:04:39 intent-classifier:110] Evaluating model
[I 190828 10:04:39 intent-classifier:112] Accuracy: 97.258300
[I 190828 10:04:39 intent-classifier:113] ----End of Programm----
[I 190828 10:08:18 intent-classifier:47] ----Start of Program----
[D 190828 10:08:18 intent-classifier:48] Learning Rate: 0.001 
[D 190828 10:08:18 intent-classifier:49] Batch Size: 30 
[D 190828 10:08:18 intent-classifier:50] Epochs: 50 
[D 190828 10:08:18 intent-classifier:51] Embedding Size 1000 
[I 190828 10:08:18 intent-classifier:54] ----Start of Program----
[I 190828 10:08:20 intent-classifier:122] Loading 'dev' Data
[W 190828 10:08:20 intent-classifier:225] len all utterances: 2100
[I 190828 10:08:20 intent-classifier:231] Splitting 'dev' Data
[D 190828 10:08:20 intent-classifier:60] vocab_size: 3474
[I 190828 10:08:21 intent-classifier:103] Compiling model
[I 190828 10:08:21 intent-classifier:106] Model Summary: None
[I 190828 10:08:21 intent-classifier:108] Fitting model
[I 190828 10:10:05 intent-classifier:111] Evaluating model
[I 190828 10:10:06 intent-classifier:113] Accuracy: 96.969700
[I 190828 10:10:06 intent-classifier:114] ----End of Programm----
[I 190828 10:16:10 intent-classifier:47] ----Start of Program----
[D 190828 10:16:10 intent-classifier:48] Learning Rate: 0.001 
[D 190828 10:16:10 intent-classifier:49] Batch Size: 30 
[D 190828 10:16:10 intent-classifier:50] Epochs: 50 
[D 190828 10:16:10 intent-classifier:51] Embedding Size 800 
[I 190828 10:16:11 intent-classifier:90] Loading 'dev' Data
[W 190828 10:16:12 intent-classifier:193] len all utterances: 2100
[I 190828 10:16:12 intent-classifier:199] Splitting 'dev' Data
[D 190828 10:16:12 intent-classifier:59] vocab_size: 3474
[I 190828 10:16:12 intent-classifier:71] Compiling model
[I 190828 10:16:12 intent-classifier:74] Model Summary: None
[I 190828 10:16:12 intent-classifier:76] Fitting model
[I 190828 10:18:45 intent-classifier:79] Evaluating model
[I 190828 10:18:45 intent-classifier:81] Accuracy: 97.258300
[I 190828 10:18:45 intent-classifier:82] ----End of Programm----
[I 190828 10:27:01 intent-classifier:55] ----Start of Program----
[D 190828 10:27:01 intent-classifier:56] Learning Rate: 0.001 
[D 190828 10:27:01 intent-classifier:57] Batch Size: 30 
[D 190828 10:27:01 intent-classifier:58] Epochs: 50 
[D 190828 10:27:01 intent-classifier:59] Embedding Size 800 
[I 190828 10:27:03 intent-classifier:101] Loading 'dev' Data
[W 190828 10:27:03 intent-classifier:204] len all utterances: 2100
[I 190828 10:27:03 intent-classifier:210] Splitting 'dev' Data
[D 190828 10:27:03 intent-classifier:67] vocab_size: 3474
[I 190828 10:27:04 intent-classifier:79] Compiling model
[I 190828 10:27:04 intent-classifier:82] Model Summary: None
[I 190828 10:27:06 intent-classifier:87] Fitting model
[I 190828 10:28:36 intent-classifier:55] ----Start of Program----
[D 190828 10:28:36 intent-classifier:56] Learning Rate: 0.001 
[D 190828 10:28:36 intent-classifier:57] Batch Size: 30 
[D 190828 10:28:36 intent-classifier:58] Epochs: 50 
[D 190828 10:28:36 intent-classifier:59] Embedding Size 800 
[I 190828 10:28:37 intent-classifier:101] Loading 'dev' Data
[W 190828 10:28:37 intent-classifier:204] len all utterances: 2100
[I 190828 10:28:38 intent-classifier:210] Splitting 'dev' Data
[D 190828 10:28:38 intent-classifier:67] vocab_size: 3474
[I 190828 10:28:38 intent-classifier:79] Compiling model
[I 190828 10:28:38 intent-classifier:82] Model Summary: None
[I 190828 10:28:40 intent-classifier:87] Fitting model
[I 190828 10:31:28 intent-classifier:55] ----Start of Program----
[D 190828 10:31:28 intent-classifier:56] Learning Rate: 0.001 
[D 190828 10:31:28 intent-classifier:57] Batch Size: 128 
[D 190828 10:31:28 intent-classifier:58] Epochs: 50 
[D 190828 10:31:28 intent-classifier:59] Embedding Size 800 
[I 190828 10:31:29 intent-classifier:101] Loading 'dev' Data
[W 190828 10:31:30 intent-classifier:204] len all utterances: 2100
[I 190828 10:31:30 intent-classifier:210] Splitting 'dev' Data
[D 190828 10:31:30 intent-classifier:67] vocab_size: 3474
[I 190828 10:31:30 intent-classifier:79] Compiling model
[I 190828 10:31:30 intent-classifier:82] Model Summary: None
[I 190828 10:31:33 intent-classifier:87] Fitting model
[I 190828 10:32:00 intent-classifier:55] ----Start of Program----
[D 190828 10:32:00 intent-classifier:56] Learning Rate: 0.001 
[D 190828 10:32:00 intent-classifier:57] Batch Size: 128 
[D 190828 10:32:00 intent-classifier:58] Epochs: 50 
[D 190828 10:32:00 intent-classifier:59] Embedding Size 800 
[I 190828 10:32:01 intent-classifier:101] Loading 'dev' Data
[W 190828 10:32:01 intent-classifier:204] len all utterances: 2100
[I 190828 10:32:01 intent-classifier:210] Splitting 'dev' Data
[D 190828 10:32:01 intent-classifier:67] vocab_size: 3474
[I 190828 10:32:02 intent-classifier:79] Compiling model
[I 190828 10:32:02 intent-classifier:82] Model Summary: None
[I 190828 10:32:02 intent-classifier:87] Fitting model
[I 190828 10:32:45 intent-classifier:90] Evaluating model
[I 190828 10:32:45 intent-classifier:92] Accuracy: 97.835499
[I 190828 10:32:45 intent-classifier:93] ----End of Programm----
[I 190828 10:40:23 intent-classifier:55] ----Start of Program----
[D 190828 10:40:23 intent-classifier:56] Learning Rate: 0.001 
[D 190828 10:40:23 intent-classifier:57] Batch Size: 128 
[D 190828 10:40:23 intent-classifier:58] Epochs: 15 
[D 190828 10:40:23 intent-classifier:59] Embedding Size 800 
[I 190828 10:40:24 intent-classifier:101] Loading 'dev' Data
[I 190828 10:41:50 intent-classifier:55] ----Start of Program----
[D 190828 10:41:50 intent-classifier:56] Learning Rate: 0.001 
[D 190828 10:41:50 intent-classifier:57] Batch Size: 128 
[D 190828 10:41:50 intent-classifier:58] Epochs: 15 
[D 190828 10:41:50 intent-classifier:59] Embedding Size 800 
[I 190828 10:41:51 intent-classifier:101] Loading 'dev' Data
[W 190828 10:41:52 intent-classifier:217] utterances: len train: 0, len test: 0, len dev: 2100
[W 190828 10:41:52 intent-classifier:218] gold: len train: 0, len test: 0, len dev: 2100
[W 190828 10:41:52 intent-classifier:219] len all utterances: 2100
[W 190828 10:41:52 intent-classifier:220] len all labels: 2100
[I 190828 10:41:52 intent-classifier:226] Splitting 'dev' Data
[D 190828 10:41:52 intent-classifier:67] vocab_size: 3474
[I 190828 10:41:52 intent-classifier:79] Compiling model
[I 190828 10:41:52 intent-classifier:82] Model Summary: None
[I 190828 10:41:52 intent-classifier:87] Fitting model
[I 190828 10:42:07 intent-classifier:90] Evaluating model
[I 190828 10:42:08 intent-classifier:92] Accuracy: 97.835499
[I 190828 10:42:08 intent-classifier:93] ----End of Programm----
[I 190828 10:58:17 slot-classifier:32] ----Start of Program----
[D 190828 10:58:17 slot-classifier:33] Learning Rate: 0.001 
[D 190828 10:58:17 slot-classifier:34] Batch Size: 128 
[D 190828 10:58:17 slot-classifier:35] Epochs: 20 
[D 190828 10:58:17 slot-classifier:36] Data Set Type: dev
[D 190828 10:58:17 slot-classifier:37] Trainable Embedding: False
[D 190828 10:58:17 slot-classifier:96] Train Utterance: [1588, 1344, 1111, 952, 1152, 2888, 980, 1708, 2616, 537]
[D 190828 10:58:17 slot-classifier:97] Test Utterance: [654, 1, 1690, 1332, 1628, 2540, 1670, 369, 1708]
[D 190828 10:58:17 slot-classifier:98] Train Slots: [35, 12, 12, 12, 12, 35, 40, 35, 11, 11]
[D 190828 10:58:17 slot-classifier:99] Test Slots: [35, 27, 27, 35, 35, 11, 11, 11, 35]
[D 190828 10:58:17 slot-classifier:103] Maximum utterance lenght: 26
[D 190828 10:58:17 slot-classifier:111] Train Utterance: [1588 1344 1111  952 1152 2888  980 1708 2616  537    0    0    0    0
        0    0    0    0    0    0    0    0    0    0    0    0]
[D 190828 10:58:17 slot-classifier:112] Test Utterance: [ 654    1 1690 1332 1628 2540 1670  369 1708    0    0    0    0    0
        0    0    0    0    0    0    0    0    0    0    0    0]
[D 190828 10:58:17 slot-classifier:113] Train Slots: [35 12 12 12 12 35 40 35 11 11  0  0  0  0  0  0  0  0  0  0  0  0  0  0
      0  0]
[D 190828 10:58:17 slot-classifier:114] Test Slots: [35 27 27 35 35 11 11 11 35  0  0  0  0  0  0  0  0  0  0  0  0  0  0  0
      0  0]
[D 190828 10:58:20 slot-classifier:133] Slots to categorical: [[0. 0. 0. ... 0. 0. 0.]
     [0. 0. 0. ... 0. 0. 0.]
     [0. 0. 0. ... 0. 0. 0.]
     ...
     [1. 0. 0. ... 0. 0. 0.]
     [1. 0. 0. ... 0. 0. 0.]
     [1. 0. 0. ... 0. 0. 0.]]
[I 190828 10:58:42 slot-classifier:143] Accuracy: 58.761338
[I 190828 10:58:42 slot-classifier:144] ----End of Programm----
[I 190828 10:59:22 slot-classifier:32] ----Start of Program----
[D 190828 10:59:22 slot-classifier:33] Learning Rate: 0.001 
[D 190828 10:59:22 slot-classifier:34] Batch Size: 128 
[D 190828 10:59:22 slot-classifier:35] Epochs: 20 
[D 190828 10:59:22 slot-classifier:36] Data Set Type: dev
[D 190828 10:59:22 slot-classifier:37] Trainable Embedding: True
[D 190828 10:59:22 slot-classifier:96] Train Utterance: [466, 993, 799, 1334, 2171, 30, 1547, 1281, 773, 1982]
[D 190828 10:59:22 slot-classifier:97] Test Utterance: [2005, 1, 2408, 132, 1369, 1374, 1216, 197, 1281]
[D 190828 10:59:22 slot-classifier:98] Train Slots: [17, 37, 37, 37, 37, 17, 27, 17, 16, 16]
[D 190828 10:59:22 slot-classifier:99] Test Slots: [17, 6, 6, 17, 17, 16, 16, 16, 17]
[D 190828 10:59:22 slot-classifier:103] Maximum utterance lenght: 26
[D 190828 10:59:22 slot-classifier:111] Train Utterance: [ 466  993  799 1334 2171   30 1547 1281  773 1982    0    0    0    0
        0    0    0    0    0    0    0    0    0    0    0    0]
[D 190828 10:59:22 slot-classifier:112] Test Utterance: [2005    1 2408  132 1369 1374 1216  197 1281    0    0    0    0    0
        0    0    0    0    0    0    0    0    0    0    0    0]
[D 190828 10:59:22 slot-classifier:113] Train Slots: [17 37 37 37 37 17 27 17 16 16  0  0  0  0  0  0  0  0  0  0  0  0  0  0
      0  0]
[D 190828 10:59:22 slot-classifier:114] Test Slots: [17  6  6 17 17 16 16 16 17  0  0  0  0  0  0  0  0  0  0  0  0  0  0  0
      0  0]
[D 190828 10:59:24 slot-classifier:133] Slots to categorical: [[0. 0. 0. ... 0. 0. 0.]
     [0. 0. 0. ... 0. 0. 0.]
     [0. 0. 0. ... 0. 0. 0.]
     ...
     [1. 0. 0. ... 0. 0. 0.]
     [1. 0. 0. ... 0. 0. 0.]
     [1. 0. 0. ... 0. 0. 0.]]
[I 190828 10:59:47 slot-classifier:143] Accuracy: 83.220085
[I 190828 10:59:47 slot-classifier:144] ----End of Programm----
[I 190828 11:00:51 slot-classifier:33] ----Start of Program----
[D 190828 11:00:51 slot-classifier:34] Learning Rate: 0.001 
[D 190828 11:00:51 slot-classifier:35] Batch Size: 128 
[D 190828 11:00:51 slot-classifier:36] Epochs: 20 
[D 190828 11:00:51 slot-classifier:37] Data Set Type: dev
[D 190828 11:00:51 slot-classifier:38] Embedding Size: 800
[D 190828 11:00:51 slot-classifier:39] Trainable Embedding: True
[D 190828 11:00:51 slot-classifier:98] Train Utterance: [1573, 2713, 2216, 2386, 2104, 543, 1737, 2283, 1205, 2062]
[D 190828 11:00:51 slot-classifier:99] Test Utterance: [873, 1, 2238, 2629, 835, 560, 844, 353, 2283]
[D 190828 11:00:51 slot-classifier:100] Train Slots: [16, 15, 15, 15, 15, 16, 17, 16, 18, 18]
[D 190828 11:00:51 slot-classifier:101] Test Slots: [16, 29, 29, 16, 16, 18, 18, 18, 16]
[D 190828 11:00:51 slot-classifier:105] Maximum utterance lenght: 26
[D 190828 11:00:51 slot-classifier:113] Train Utterance: [1573 2713 2216 2386 2104  543 1737 2283 1205 2062    0    0    0    0
        0    0    0    0    0    0    0    0    0    0    0    0]
[D 190828 11:00:51 slot-classifier:114] Test Utterance: [ 873    1 2238 2629  835  560  844  353 2283    0    0    0    0    0
        0    0    0    0    0    0    0    0    0    0    0    0]
[D 190828 11:00:51 slot-classifier:115] Train Slots: [16 15 15 15 15 16 17 16 18 18  0  0  0  0  0  0  0  0  0  0  0  0  0  0
      0  0]
[D 190828 11:00:51 slot-classifier:116] Test Slots: [16 29 29 16 16 18 18 18 16  0  0  0  0  0  0  0  0  0  0  0  0  0  0  0
      0  0]
[D 190828 11:00:54 slot-classifier:135] Slots to categorical: [[0. 0. 0. ... 0. 0. 0.]
     [0. 0. 0. ... 0. 0. 0.]
     [0. 0. 0. ... 0. 0. 0.]
     ...
     [1. 0. 0. ... 0. 0. 0.]
     [1. 0. 0. ... 0. 0. 0.]
     [1. 0. 0. ... 0. 0. 0.]]
[I 190828 11:01:28 slot-classifier:145] Accuracy: 89.192494
[I 190828 11:01:28 slot-classifier:146] ----End of Programm----
[I 190828 11:02:01 slot-classifier:33] ----Start of Program----
[D 190828 11:02:01 slot-classifier:34] Learning Rate: 0.001 
[D 190828 11:02:01 slot-classifier:35] Batch Size: 128 
[D 190828 11:02:01 slot-classifier:36] Epochs: 25 
[D 190828 11:02:01 slot-classifier:37] Data Set Type: dev
[D 190828 11:02:01 slot-classifier:38] Embedding Size: 800
[D 190828 11:02:01 slot-classifier:39] Trainable Embedding: True
[D 190828 11:02:01 slot-classifier:98] Train Utterance: [581, 2536, 64, 137, 1821, 577, 93, 2032, 1166, 1588]
[D 190828 11:02:01 slot-classifier:99] Test Utterance: [1950, 1, 477, 2747, 186, 938, 981, 354, 2032]
[D 190828 11:02:01 slot-classifier:100] Train Slots: [36, 27, 27, 27, 27, 36, 32, 36, 23, 23]
[D 190828 11:02:01 slot-classifier:101] Test Slots: [36, 3, 3, 36, 36, 23, 23, 23, 36]
[D 190828 11:02:01 slot-classifier:105] Maximum utterance lenght: 26
[D 190828 11:02:01 slot-classifier:113] Train Utterance: [ 581 2536   64  137 1821  577   93 2032 1166 1588    0    0    0    0
        0    0    0    0    0    0    0    0    0    0    0    0]
[D 190828 11:02:01 slot-classifier:114] Test Utterance: [1950    1  477 2747  186  938  981  354 2032    0    0    0    0    0
        0    0    0    0    0    0    0    0    0    0    0    0]
[D 190828 11:02:01 slot-classifier:115] Train Slots: [36 27 27 27 27 36 32 36 23 23  0  0  0  0  0  0  0  0  0  0  0  0  0  0
      0  0]
[D 190828 11:02:01 slot-classifier:116] Test Slots: [36  3  3 36 36 23 23 23 36  0  0  0  0  0  0  0  0  0  0  0  0  0  0  0
      0  0]
[D 190828 11:02:03 slot-classifier:135] Slots to categorical: [[0. 0. 0. ... 0. 0. 0.]
     [0. 0. 0. ... 0. 0. 0.]
     [0. 0. 0. ... 0. 0. 0.]
     ...
     [1. 0. 0. ... 0. 0. 0.]
     [1. 0. 0. ... 0. 0. 0.]
     [1. 0. 0. ... 0. 0. 0.]]
[I 190828 11:02:44 slot-classifier:145] Accuracy: 89.290618
[I 190828 11:02:44 slot-classifier:146] ----End of Programm----
[I 190828 11:03:55 slot-classifier:33] ----Start of Program----
[D 190828 11:03:55 slot-classifier:34] Learning Rate: 0.001 
[D 190828 11:03:55 slot-classifier:35] Batch Size: 128 
[D 190828 11:03:55 slot-classifier:36] Epochs: 25 
[D 190828 11:03:55 slot-classifier:37] Data Set Type: dev
[D 190828 11:03:55 slot-classifier:38] Embedding Size: 800
[D 190828 11:03:55 slot-classifier:39] Trainable Embedding: True
[D 190828 11:03:55 slot-classifier:98] Train Utterance: [2407, 2801, 909, 52, 1356, 594, 183, 1238, 969, 745]
[D 190828 11:03:55 slot-classifier:99] Test Utterance: [379, 1, 2228, 1382, 189, 2777, 1451, 416, 1238]
[D 190828 11:03:55 slot-classifier:100] Train Slots: [23, 32, 32, 32, 32, 23, 29, 23, 12, 12]
[D 190828 11:03:55 slot-classifier:101] Test Slots: [23, 13, 13, 23, 23, 12, 12, 12, 23]
[D 190828 11:03:55 slot-classifier:105] Maximum utterance lenght: 26
[D 190828 11:03:55 slot-classifier:113] Train Utterance: [2407 2801  909   52 1356  594  183 1238  969  745    0    0    0    0
        0    0    0    0    0    0    0    0    0    0    0    0]
[D 190828 11:03:55 slot-classifier:114] Test Utterance: [ 379    1 2228 1382  189 2777 1451  416 1238    0    0    0    0    0
        0    0    0    0    0    0    0    0    0    0    0    0]
[D 190828 11:03:55 slot-classifier:115] Train Slots: [23 32 32 32 32 23 29 23 12 12  0  0  0  0  0  0  0  0  0  0  0  0  0  0
      0  0]
[D 190828 11:03:55 slot-classifier:116] Test Slots: [23 13 13 23 23 12 12 12 23  0  0  0  0  0  0  0  0  0  0  0  0  0  0  0
      0  0]
[D 190828 11:03:59 slot-classifier:135] Slots to categorical: [[0. 0. 0. ... 0. 0. 0.]
     [0. 0. 0. ... 0. 0. 0.]
     [0. 0. 0. ... 0. 0. 0.]
     ...
     [1. 0. 0. ... 0. 0. 0.]
     [1. 0. 0. ... 0. 0. 0.]
     [1. 0. 0. ... 0. 0. 0.]]
[I 190828 11:04:35 slot-classifier:145] Accuracy: 88.197481
[I 190828 11:04:35 slot-classifier:146] ----End of Programm----
[I 190828 11:04:49 slot-classifier:33] ----Start of Program----
[D 190828 11:04:49 slot-classifier:34] Learning Rate: 0.001 
[D 190828 11:04:49 slot-classifier:35] Batch Size: 128 
[D 190828 11:04:49 slot-classifier:36] Epochs: 20 
[D 190828 11:04:49 slot-classifier:37] Data Set Type: dev
[D 190828 11:04:49 slot-classifier:38] Embedding Size: 800
[D 190828 11:04:49 slot-classifier:39] Trainable Embedding: True
[D 190828 11:04:49 slot-classifier:98] Train Utterance: [812, 87, 2299, 1876, 2189, 910, 800, 1955, 217, 451]
[D 190828 11:04:49 slot-classifier:99] Test Utterance: [2058, 1, 2124, 1069, 2125, 939, 1533, 659, 1955]
[D 190828 11:04:49 slot-classifier:100] Train Slots: [6, 15, 15, 15, 15, 6, 27, 6, 2, 2]
[D 190828 11:04:49 slot-classifier:101] Test Slots: [6, 35, 35, 6, 6, 2, 2, 2, 6]
[D 190828 11:04:49 slot-classifier:105] Maximum utterance lenght: 26
[D 190828 11:04:49 slot-classifier:113] Train Utterance: [ 812   87 2299 1876 2189  910  800 1955  217  451    0    0    0    0
        0    0    0    0    0    0    0    0    0    0    0    0]
[D 190828 11:04:49 slot-classifier:114] Test Utterance: [2058    1 2124 1069 2125  939 1533  659 1955    0    0    0    0    0
        0    0    0    0    0    0    0    0    0    0    0    0]
[D 190828 11:04:49 slot-classifier:115] Train Slots: [ 6 15 15 15 15  6 27  6  2  2  0  0  0  0  0  0  0  0  0  0  0  0  0  0
      0  0]
[D 190828 11:04:49 slot-classifier:116] Test Slots: [ 6 35 35  6  6  2  2  2  6  0  0  0  0  0  0  0  0  0  0  0  0  0  0  0
      0  0]
[D 190828 11:04:51 slot-classifier:135] Slots to categorical: [[0. 0. 0. ... 0. 0. 0.]
     [0. 0. 0. ... 0. 0. 0.]
     [0. 0. 0. ... 0. 0. 0.]
     ...
     [1. 0. 0. ... 0. 0. 0.]
     [1. 0. 0. ... 0. 0. 0.]
     [1. 0. 0. ... 0. 0. 0.]]
[I 190828 11:05:20 slot-classifier:145] Accuracy: 88.142126
[I 190828 11:05:20 slot-classifier:146] ----End of Programm----
[I 190828 11:06:05 slot-classifier:33] ----Start of Program----
[D 190828 11:06:05 slot-classifier:34] Learning Rate: 0.001 
[D 190828 11:06:05 slot-classifier:35] Batch Size: 128 
[D 190828 11:06:05 slot-classifier:36] Epochs: 20 
[D 190828 11:06:05 slot-classifier:37] Data Set Type: dev
[D 190828 11:06:05 slot-classifier:38] Embedding Size: 300
[D 190828 11:06:05 slot-classifier:39] Trainable Embedding: True
[D 190828 11:06:05 slot-classifier:98] Train Utterance: [1745, 1014, 893, 472, 923, 1721, 2009, 875, 1084, 1406]
[D 190828 11:06:05 slot-classifier:99] Test Utterance: [202, 1, 165, 1490, 1200, 1822, 1241, 454, 875]
[D 190828 11:06:05 slot-classifier:100] Train Slots: [15, 20, 20, 20, 20, 15, 19, 15, 4, 4]
[D 190828 11:06:05 slot-classifier:101] Test Slots: [15, 31, 31, 15, 15, 4, 4, 4, 15]
[D 190828 11:06:05 slot-classifier:105] Maximum utterance lenght: 26
[D 190828 11:06:05 slot-classifier:113] Train Utterance: [1745 1014  893  472  923 1721 2009  875 1084 1406    0    0    0    0
        0    0    0    0    0    0    0    0    0    0    0    0]
[D 190828 11:06:05 slot-classifier:114] Test Utterance: [ 202    1  165 1490 1200 1822 1241  454  875    0    0    0    0    0
        0    0    0    0    0    0    0    0    0    0    0    0]
[D 190828 11:06:05 slot-classifier:115] Train Slots: [15 20 20 20 20 15 19 15  4  4  0  0  0  0  0  0  0  0  0  0  0  0  0  0
      0  0]
[D 190828 11:06:05 slot-classifier:116] Test Slots: [15 31 31 15 15  4  4  4 15  0  0  0  0  0  0  0  0  0  0  0  0  0  0  0
      0  0]
[D 190828 11:06:08 slot-classifier:135] Slots to categorical: [[0. 0. 0. ... 0. 0. 0.]
     [0. 0. 0. ... 0. 0. 0.]
     [0. 0. 0. ... 0. 0. 0.]
     ...
     [1. 0. 0. ... 0. 0. 0.]
     [1. 0. 0. ... 0. 0. 0.]
     [1. 0. 0. ... 0. 0. 0.]]
[I 190828 11:06:31 slot-classifier:145] Accuracy: 84.807053
[I 190828 11:06:31 slot-classifier:146] ----End of Programm----
[I 190828 11:06:48 slot-classifier:33] ----Start of Program----
[D 190828 11:06:48 slot-classifier:34] Learning Rate: 0.001 
[D 190828 11:06:48 slot-classifier:35] Batch Size: 128 
[D 190828 11:06:48 slot-classifier:36] Epochs: 20 
[D 190828 11:06:48 slot-classifier:37] Data Set Type: dev
[D 190828 11:06:48 slot-classifier:38] Embedding Size: 600
[D 190828 11:06:48 slot-classifier:39] Trainable Embedding: True
[D 190828 11:06:48 slot-classifier:98] Train Utterance: [507, 2399, 918, 2521, 1385, 2210, 2222, 1381, 1079, 902]
[D 190828 11:06:48 slot-classifier:99] Test Utterance: [357, 1, 1928, 2549, 959, 362, 40, 2450, 1381]
[D 190828 11:06:48 slot-classifier:100] Train Slots: [28, 24, 24, 24, 24, 28, 1, 28, 7, 7]
[D 190828 11:06:48 slot-classifier:101] Test Slots: [28, 19, 19, 28, 28, 7, 7, 7, 28]
[D 190828 11:06:48 slot-classifier:105] Maximum utterance lenght: 26
[D 190828 11:06:48 slot-classifier:113] Train Utterance: [ 507 2399  918 2521 1385 2210 2222 1381 1079  902    0    0    0    0
        0    0    0    0    0    0    0    0    0    0    0    0]
[D 190828 11:06:48 slot-classifier:114] Test Utterance: [ 357    1 1928 2549  959  362   40 2450 1381    0    0    0    0    0
        0    0    0    0    0    0    0    0    0    0    0    0]
[D 190828 11:06:48 slot-classifier:115] Train Slots: [28 24 24 24 24 28  1 28  7  7  0  0  0  0  0  0  0  0  0  0  0  0  0  0
      0  0]
[D 190828 11:06:48 slot-classifier:116] Test Slots: [28 19 19 28 28  7  7  7 28  0  0  0  0  0  0  0  0  0  0  0  0  0  0  0
      0  0]
[D 190828 11:06:50 slot-classifier:135] Slots to categorical: [[0. 0. 0. ... 0. 0. 0.]
     [0. 0. 0. ... 0. 0. 0.]
     [0. 0. 0. ... 0. 0. 0.]
     ...
     [1. 0. 0. ... 0. 0. 0.]
     [1. 0. 0. ... 0. 0. 0.]
     [1. 0. 0. ... 0. 0. 0.]]
[I 190828 11:07:17 slot-classifier:145] Accuracy: 87.526279
[I 190828 11:07:17 slot-classifier:146] ----End of Programm----
[I 190828 11:07:53 slot-classifier:33] ----Start of Program----
[D 190828 11:07:53 slot-classifier:34] Learning Rate: 0.001 
[D 190828 11:07:53 slot-classifier:35] Batch Size: 128 
[D 190828 11:07:53 slot-classifier:36] Epochs: 20 
[D 190828 11:07:53 slot-classifier:37] Data Set Type: dev
[D 190828 11:07:53 slot-classifier:38] Embedding Size: 1000
[D 190828 11:07:53 slot-classifier:39] Trainable Embedding: True
[D 190828 11:07:53 slot-classifier:98] Train Utterance: [1053, 325, 1263, 2383, 1115, 2319, 672, 2613, 2508, 1102]
[D 190828 11:07:53 slot-classifier:99] Test Utterance: [1098, 1, 311, 1264, 1317, 1200, 343, 1581, 2613]
[D 190828 11:07:53 slot-classifier:100] Train Slots: [4, 9, 9, 9, 9, 4, 7, 4, 29, 29]
[D 190828 11:07:53 slot-classifier:101] Test Slots: [4, 24, 24, 4, 4, 29, 29, 29, 4]
[D 190828 11:07:53 slot-classifier:105] Maximum utterance lenght: 26
[D 190828 11:07:53 slot-classifier:113] Train Utterance: [1053  325 1263 2383 1115 2319  672 2613 2508 1102    0    0    0    0
        0    0    0    0    0    0    0    0    0    0    0    0]
[D 190828 11:07:53 slot-classifier:114] Test Utterance: [1098    1  311 1264 1317 1200  343 1581 2613    0    0    0    0    0
        0    0    0    0    0    0    0    0    0    0    0    0]
[D 190828 11:07:53 slot-classifier:115] Train Slots: [ 4  9  9  9  9  4  7  4 29 29  0  0  0  0  0  0  0  0  0  0  0  0  0  0
      0  0]
[D 190828 11:07:53 slot-classifier:116] Test Slots: [ 4 24 24  4  4 29 29 29  4  0  0  0  0  0  0  0  0  0  0  0  0  0  0  0
      0  0]
[D 190828 11:07:56 slot-classifier:135] Slots to categorical: [[0. 0. 0. ... 0. 0. 0.]
     [0. 0. 0. ... 0. 0. 0.]
     [0. 0. 0. ... 0. 0. 0.]
     ...
     [1. 0. 0. ... 0. 0. 0.]
     [1. 0. 0. ... 0. 0. 0.]
     [1. 0. 0. ... 0. 0. 0.]]
[I 190828 11:08:29 slot-classifier:145] Accuracy: 88.012027
[I 190828 11:08:29 slot-classifier:146] ----End of Programm----
[I 190828 11:08:43 slot-classifier:33] ----Start of Program----
[D 190828 11:08:43 slot-classifier:34] Learning Rate: 0.001 
[D 190828 11:08:43 slot-classifier:35] Batch Size: 128 
[D 190828 11:08:43 slot-classifier:36] Epochs: 40 
[D 190828 11:08:43 slot-classifier:37] Data Set Type: dev
[D 190828 11:08:43 slot-classifier:38] Embedding Size: 800
[D 190828 11:08:43 slot-classifier:39] Trainable Embedding: True
[D 190828 11:08:43 slot-classifier:98] Train Utterance: [80, 2634, 360, 2761, 389, 450, 128, 458, 2709, 27]
[D 190828 11:08:43 slot-classifier:99] Test Utterance: [1005, 1, 2022, 2113, 2108, 2890, 793, 2769, 458]
[D 190828 11:08:43 slot-classifier:100] Train Slots: [20, 38, 38, 38, 38, 20, 26, 20, 34, 34]
[D 190828 11:08:43 slot-classifier:101] Test Slots: [20, 33, 33, 20, 20, 34, 34, 34, 20]
[D 190828 11:08:43 slot-classifier:105] Maximum utterance lenght: 26
[D 190828 11:08:43 slot-classifier:113] Train Utterance: [  80 2634  360 2761  389  450  128  458 2709   27    0    0    0    0
        0    0    0    0    0    0    0    0    0    0    0    0]
[D 190828 11:08:43 slot-classifier:114] Test Utterance: [1005    1 2022 2113 2108 2890  793 2769  458    0    0    0    0    0
        0    0    0    0    0    0    0    0    0    0    0    0]
[D 190828 11:08:43 slot-classifier:115] Train Slots: [20 38 38 38 38 20 26 20 34 34  0  0  0  0  0  0  0  0  0  0  0  0  0  0
      0  0]
[D 190828 11:08:43 slot-classifier:116] Test Slots: [20 33 33 20 20 34 34 34 20  0  0  0  0  0  0  0  0  0  0  0  0  0  0  0
      0  0]
[D 190828 11:08:44 slot-classifier:135] Slots to categorical: [[0. 0. 0. ... 0. 0. 0.]
     [0. 0. 0. ... 1. 0. 0.]
     [0. 0. 0. ... 1. 0. 0.]
     ...
     [1. 0. 0. ... 0. 0. 0.]
     [1. 0. 0. ... 0. 0. 0.]
     [1. 0. 0. ... 0. 0. 0.]]
[I 190828 11:09:39 slot-classifier:145] Accuracy: 88.655224
[I 190828 11:09:39 slot-classifier:146] ----End of Programm----
[I 190828 11:11:12 slot-classifier:33] ----Start of Program----
[D 190828 11:11:12 slot-classifier:34] Learning Rate: 0.0001 
[D 190828 11:11:12 slot-classifier:35] Batch Size: 128 
[D 190828 11:11:12 slot-classifier:36] Epochs: 20 
[D 190828 11:11:12 slot-classifier:37] Data Set Type: dev
[D 190828 11:11:12 slot-classifier:38] Embedding Size: 800
[D 190828 11:11:12 slot-classifier:39] Trainable Embedding: True
[D 190828 11:11:12 slot-classifier:98] Train Utterance: [2842, 1271, 1037, 2354, 2306, 2404, 871, 671, 385, 580]
[D 190828 11:11:12 slot-classifier:99] Test Utterance: [2559, 1, 2599, 980, 70, 950, 711, 2480, 671]
[D 190828 11:11:12 slot-classifier:100] Train Slots: [31, 28, 28, 28, 28, 31, 38, 31, 5, 5]
[D 190828 11:11:12 slot-classifier:101] Test Slots: [31, 8, 8, 31, 31, 5, 5, 5, 31]
[D 190828 11:11:12 slot-classifier:105] Maximum utterance lenght: 26
[D 190828 11:11:12 slot-classifier:113] Train Utterance: [2842 1271 1037 2354 2306 2404  871  671  385  580    0    0    0    0
        0    0    0    0    0    0    0    0    0    0    0    0]
[D 190828 11:11:12 slot-classifier:114] Test Utterance: [2559    1 2599  980   70  950  711 2480  671    0    0    0    0    0
        0    0    0    0    0    0    0    0    0    0    0    0]
[D 190828 11:11:12 slot-classifier:115] Train Slots: [31 28 28 28 28 31 38 31  5  5  0  0  0  0  0  0  0  0  0  0  0  0  0  0
      0  0]
[D 190828 11:11:12 slot-classifier:116] Test Slots: [31  8  8 31 31  5  5  5 31  0  0  0  0  0  0  0  0  0  0  0  0  0  0  0
      0  0]
[D 190828 11:11:16 slot-classifier:135] Slots to categorical: [[0. 0. 0. ... 0. 0. 0.]
     [0. 0. 0. ... 0. 0. 0.]
     [0. 0. 0. ... 0. 0. 0.]
     ...
     [1. 0. 0. ... 0. 0. 0.]
     [1. 0. 0. ... 0. 0. 0.]
     [1. 0. 0. ... 0. 0. 0.]]
[I 190828 11:11:46 slot-classifier:145] Accuracy: 53.635102
[I 190828 11:11:46 slot-classifier:146] ----End of Programm----
[I 190828 11:12:02 slot-classifier:33] ----Start of Program----
[D 190828 11:12:02 slot-classifier:34] Learning Rate: 0.01 
[D 190828 11:12:02 slot-classifier:35] Batch Size: 128 
[D 190828 11:12:02 slot-classifier:36] Epochs: 20 
[D 190828 11:12:02 slot-classifier:37] Data Set Type: dev
[D 190828 11:12:02 slot-classifier:38] Embedding Size: 800
[D 190828 11:12:02 slot-classifier:39] Trainable Embedding: True
[D 190828 11:12:02 slot-classifier:98] Train Utterance: [2641, 593, 1920, 1898, 210, 2868, 1802, 466, 2769, 248]
[D 190828 11:12:02 slot-classifier:99] Test Utterance: [731, 1, 455, 2657, 1716, 2826, 2575, 790, 466]
[D 190828 11:12:02 slot-classifier:100] Train Slots: [9, 1, 1, 1, 1, 9, 14, 9, 8, 8]
[D 190828 11:12:02 slot-classifier:101] Test Slots: [9, 10, 10, 9, 9, 8, 8, 8, 9]
[D 190828 11:12:02 slot-classifier:105] Maximum utterance lenght: 26
[D 190828 11:12:02 slot-classifier:113] Train Utterance: [2641  593 1920 1898  210 2868 1802  466 2769  248    0    0    0    0
        0    0    0    0    0    0    0    0    0    0    0    0]
[D 190828 11:12:02 slot-classifier:114] Test Utterance: [ 731    1  455 2657 1716 2826 2575  790  466    0    0    0    0    0
        0    0    0    0    0    0    0    0    0    0    0    0]
[D 190828 11:12:02 slot-classifier:115] Train Slots: [ 9  1  1  1  1  9 14  9  8  8  0  0  0  0  0  0  0  0  0  0  0  0  0  0
      0  0]
[D 190828 11:12:02 slot-classifier:116] Test Slots: [ 9 10 10  9  9  8  8  8  9  0  0  0  0  0  0  0  0  0  0  0  0  0  0  0
      0  0]
[D 190828 11:12:04 slot-classifier:135] Slots to categorical: [[0. 0. 0. ... 0. 0. 0.]
     [0. 1. 0. ... 0. 0. 0.]
     [0. 1. 0. ... 0. 0. 0.]
     ...
     [1. 0. 0. ... 0. 0. 0.]
     [1. 0. 0. ... 0. 0. 0.]
     [1. 0. 0. ... 0. 0. 0.]]
[I 190828 11:12:34 slot-classifier:145] Accuracy: 88.822836
[I 190828 11:12:34 slot-classifier:146] ----End of Programm----
[I 190828 11:12:50 slot-classifier:33] ----Start of Program----
[D 190828 11:12:50 slot-classifier:34] Learning Rate: 0.01 
[D 190828 11:12:50 slot-classifier:35] Batch Size: 128 
[D 190828 11:12:50 slot-classifier:36] Epochs: 10 
[D 190828 11:12:50 slot-classifier:37] Data Set Type: dev
[D 190828 11:12:50 slot-classifier:38] Embedding Size: 800
[D 190828 11:12:50 slot-classifier:39] Trainable Embedding: True
[D 190828 11:12:50 slot-classifier:98] Train Utterance: [1654, 1549, 2643, 183, 1074, 2706, 913, 2052, 1727, 1808]
[D 190828 11:12:50 slot-classifier:99] Test Utterance: [1272, 1, 2120, 1806, 2658, 2024, 530, 1619, 2052]
[D 190828 11:12:50 slot-classifier:100] Train Slots: [38, 22, 22, 22, 22, 38, 26, 38, 4, 4]
[D 190828 11:12:50 slot-classifier:101] Test Slots: [38, 8, 8, 38, 38, 4, 4, 4, 38]
[D 190828 11:12:50 slot-classifier:105] Maximum utterance lenght: 26
[D 190828 11:12:50 slot-classifier:113] Train Utterance: [1654 1549 2643  183 1074 2706  913 2052 1727 1808    0    0    0    0
        0    0    0    0    0    0    0    0    0    0    0    0]
[D 190828 11:12:50 slot-classifier:114] Test Utterance: [1272    1 2120 1806 2658 2024  530 1619 2052    0    0    0    0    0
        0    0    0    0    0    0    0    0    0    0    0    0]
[D 190828 11:12:50 slot-classifier:115] Train Slots: [38 22 22 22 22 38 26 38  4  4  0  0  0  0  0  0  0  0  0  0  0  0  0  0
      0  0]
[D 190828 11:12:50 slot-classifier:116] Test Slots: [38  8  8 38 38  4  4  4 38  0  0  0  0  0  0  0  0  0  0  0  0  0  0  0
      0  0]
[D 190828 11:12:53 slot-classifier:135] Slots to categorical: [[0. 0. 0. ... 1. 0. 0.]
     [0. 0. 0. ... 0. 0. 0.]
     [0. 0. 0. ... 0. 0. 0.]
     ...
     [1. 0. 0. ... 0. 0. 0.]
     [1. 0. 0. ... 0. 0. 0.]
     [1. 0. 0. ... 0. 0. 0.]]
[I 190828 11:13:10 slot-classifier:145] Accuracy: 90.208987
[I 190828 11:13:10 slot-classifier:146] ----End of Programm----
[I 190828 11:13:52 slot-classifier:33] ----Start of Program----
[D 190828 11:13:52 slot-classifier:34] Learning Rate: 0.01 
[D 190828 11:13:52 slot-classifier:35] Batch Size: 128 
[D 190828 11:13:52 slot-classifier:36] Epochs: 15 
[D 190828 11:13:52 slot-classifier:37] Data Set Type: dev
[D 190828 11:13:52 slot-classifier:38] Embedding Size: 800
[D 190828 11:13:52 slot-classifier:39] Trainable Embedding: True
[D 190828 11:13:52 slot-classifier:98] Train Utterance: [1487, 566, 1035, 753, 247, 1850, 64, 2259, 321, 523]
[D 190828 11:13:52 slot-classifier:99] Test Utterance: [704, 1, 152, 751, 554, 1058, 791, 771, 2259]
[D 190828 11:13:52 slot-classifier:100] Train Slots: [6, 19, 19, 19, 19, 6, 12, 6, 5, 5]
[D 190828 11:13:52 slot-classifier:101] Test Slots: [6, 28, 28, 6, 6, 5, 5, 5, 6]
[D 190828 11:13:52 slot-classifier:105] Maximum utterance lenght: 26
[D 190828 11:13:52 slot-classifier:113] Train Utterance: [1487  566 1035  753  247 1850   64 2259  321  523    0    0    0    0
        0    0    0    0    0    0    0    0    0    0    0    0]
[D 190828 11:13:52 slot-classifier:114] Test Utterance: [ 704    1  152  751  554 1058  791  771 2259    0    0    0    0    0
        0    0    0    0    0    0    0    0    0    0    0    0]
[D 190828 11:13:52 slot-classifier:115] Train Slots: [ 6 19 19 19 19  6 12  6  5  5  0  0  0  0  0  0  0  0  0  0  0  0  0  0
      0  0]
[D 190828 11:13:52 slot-classifier:116] Test Slots: [ 6 28 28  6  6  5  5  5  6  0  0  0  0  0  0  0  0  0  0  0  0  0  0  0
      0  0]
[D 190828 11:13:55 slot-classifier:135] Slots to categorical: [[0. 0. 0. ... 0. 0. 0.]
     [0. 0. 0. ... 0. 0. 0.]
     [0. 0. 0. ... 0. 0. 0.]
     ...
     [1. 0. 0. ... 0. 0. 0.]
     [1. 0. 0. ... 0. 0. 0.]
     [1. 0. 0. ... 0. 0. 0.]]
[I 190828 11:14:18 slot-classifier:145] Accuracy: 89.447981
[I 190828 11:14:18 slot-classifier:146] ----End of Programm----
[I 190828 11:14:30 slot-classifier:33] ----Start of Program----
[D 190828 11:14:30 slot-classifier:34] Learning Rate: 0.01 
[D 190828 11:14:30 slot-classifier:35] Batch Size: 128 
[D 190828 11:14:30 slot-classifier:36] Epochs: 12 
[D 190828 11:14:30 slot-classifier:37] Data Set Type: dev
[D 190828 11:14:30 slot-classifier:38] Embedding Size: 800
[D 190828 11:14:30 slot-classifier:39] Trainable Embedding: True
[D 190828 11:14:30 slot-classifier:98] Train Utterance: [158, 465, 569, 1703, 2865, 2592, 939, 958, 2853, 1644]
[D 190828 11:14:30 slot-classifier:99] Test Utterance: [1967, 1, 863, 2876, 1420, 1172, 2827, 966, 958]
[D 190828 11:14:30 slot-classifier:100] Train Slots: [10, 5, 5, 5, 5, 10, 19, 10, 34, 34]
[D 190828 11:14:30 slot-classifier:101] Test Slots: [10, 15, 15, 10, 10, 34, 34, 34, 10]
[D 190828 11:14:30 slot-classifier:105] Maximum utterance lenght: 26
[D 190828 11:14:30 slot-classifier:113] Train Utterance: [ 158  465  569 1703 2865 2592  939  958 2853 1644    0    0    0    0
        0    0    0    0    0    0    0    0    0    0    0    0]
[D 190828 11:14:30 slot-classifier:114] Test Utterance: [1967    1  863 2876 1420 1172 2827  966  958    0    0    0    0    0
        0    0    0    0    0    0    0    0    0    0    0    0]
[D 190828 11:14:30 slot-classifier:115] Train Slots: [10  5  5  5  5 10 19 10 34 34  0  0  0  0  0  0  0  0  0  0  0  0  0  0
      0  0]
[D 190828 11:14:30 slot-classifier:116] Test Slots: [10 15 15 10 10 34 34 34 10  0  0  0  0  0  0  0  0  0  0  0  0  0  0  0
      0  0]
[D 190828 11:14:32 slot-classifier:135] Slots to categorical: [[0. 0. 0. ... 0. 0. 0.]
     [0. 0. 0. ... 0. 0. 0.]
     [0. 0. 0. ... 0. 0. 0.]
     ...
     [1. 0. 0. ... 0. 0. 0.]
     [1. 0. 0. ... 0. 0. 0.]
     [1. 0. 0. ... 0. 0. 0.]]
[I 190828 11:14:52 slot-classifier:145] Accuracy: 89.231514
[I 190828 11:14:52 slot-classifier:146] ----End of Programm----
[I 190828 11:15:02 slot-classifier:33] ----Start of Program----
[D 190828 11:15:02 slot-classifier:34] Learning Rate: 0.01 
[D 190828 11:15:02 slot-classifier:35] Batch Size: 128 
[D 190828 11:15:02 slot-classifier:36] Epochs: 9 
[D 190828 11:15:02 slot-classifier:37] Data Set Type: dev
[D 190828 11:15:02 slot-classifier:38] Embedding Size: 800
[D 190828 11:15:02 slot-classifier:39] Trainable Embedding: True
[D 190828 11:15:02 slot-classifier:98] Train Utterance: [2490, 1336, 2361, 1509, 778, 649, 1613, 154, 742, 1765]
[D 190828 11:15:02 slot-classifier:99] Test Utterance: [2520, 1, 2813, 494, 2448, 518, 1208, 1475, 154]
[D 190828 11:15:02 slot-classifier:100] Train Slots: [15, 3, 3, 3, 3, 15, 18, 15, 6, 6]
[D 190828 11:15:02 slot-classifier:101] Test Slots: [15, 16, 16, 15, 15, 6, 6, 6, 15]
[D 190828 11:15:02 slot-classifier:105] Maximum utterance lenght: 26
[D 190828 11:15:02 slot-classifier:113] Train Utterance: [2490 1336 2361 1509  778  649 1613  154  742 1765    0    0    0    0
        0    0    0    0    0    0    0    0    0    0    0    0]
[D 190828 11:15:02 slot-classifier:114] Test Utterance: [2520    1 2813  494 2448  518 1208 1475  154    0    0    0    0    0
        0    0    0    0    0    0    0    0    0    0    0    0]
[D 190828 11:15:02 slot-classifier:115] Train Slots: [15  3  3  3  3 15 18 15  6  6  0  0  0  0  0  0  0  0  0  0  0  0  0  0
      0  0]
[D 190828 11:15:02 slot-classifier:116] Test Slots: [15 16 16 15 15  6  6  6 15  0  0  0  0  0  0  0  0  0  0  0  0  0  0  0
      0  0]
[D 190828 11:15:04 slot-classifier:135] Slots to categorical: [[0. 0. 0. ... 0. 0. 0.]
     [0. 0. 0. ... 0. 0. 0.]
     [0. 0. 0. ... 0. 0. 0.]
     ...
     [1. 0. 0. ... 0. 0. 0.]
     [1. 0. 0. ... 0. 0. 0.]
     [1. 0. 0. ... 0. 0. 0.]]
[I 190828 11:15:20 slot-classifier:145] Accuracy: 89.745733
[I 190828 11:15:20 slot-classifier:146] ----End of Programm----
[I 190828 11:15:28 slot-classifier:33] ----Start of Program----
[D 190828 11:15:28 slot-classifier:34] Learning Rate: 0.01 
[D 190828 11:15:28 slot-classifier:35] Batch Size: 128 
[D 190828 11:15:28 slot-classifier:36] Epochs: 11 
[D 190828 11:15:28 slot-classifier:37] Data Set Type: dev
[D 190828 11:15:28 slot-classifier:38] Embedding Size: 800
[D 190828 11:15:28 slot-classifier:39] Trainable Embedding: True
[D 190828 11:15:28 slot-classifier:98] Train Utterance: [2687, 2560, 648, 2407, 795, 2019, 1636, 1195, 752, 309]
[D 190828 11:15:28 slot-classifier:99] Test Utterance: [1440, 1, 1703, 2746, 1120, 2671, 2278, 2909, 1195]
[D 190828 11:15:28 slot-classifier:100] Train Slots: [6, 8, 8, 8, 8, 6, 2, 6, 39, 39]
[D 190828 11:15:28 slot-classifier:101] Test Slots: [6, 31, 31, 6, 6, 39, 39, 39, 6]
[D 190828 11:15:28 slot-classifier:105] Maximum utterance lenght: 26
[D 190828 11:15:28 slot-classifier:113] Train Utterance: [2687 2560  648 2407  795 2019 1636 1195  752  309    0    0    0    0
        0    0    0    0    0    0    0    0    0    0    0    0]
[D 190828 11:15:28 slot-classifier:114] Test Utterance: [1440    1 1703 2746 1120 2671 2278 2909 1195    0    0    0    0    0
        0    0    0    0    0    0    0    0    0    0    0    0]
[D 190828 11:15:28 slot-classifier:115] Train Slots: [ 6  8  8  8  8  6  2  6 39 39  0  0  0  0  0  0  0  0  0  0  0  0  0  0
      0  0]
[D 190828 11:15:28 slot-classifier:116] Test Slots: [ 6 31 31  6  6 39 39 39  6  0  0  0  0  0  0  0  0  0  0  0  0  0  0  0
      0  0]
[D 190828 11:15:30 slot-classifier:135] Slots to categorical: [[0. 0. 0. ... 0. 0. 0.]
     [0. 0. 0. ... 0. 0. 0.]
     [0. 0. 0. ... 0. 0. 0.]
     ...
     [1. 0. 0. ... 0. 0. 0.]
     [1. 0. 0. ... 0. 0. 0.]
     [1. 0. 0. ... 0. 0. 0.]]
[I 190828 11:15:49 slot-classifier:145] Accuracy: 89.997706
[I 190828 11:15:49 slot-classifier:146] ----End of Programm----
