[I 190828 13:30:07 intent-classifier:56] ----Start of Program----
[D 190828 13:30:07 intent-classifier:57] Data Set Type: train
[D 190828 13:30:07 intent-classifier:58] Learning Rate: 0.001 
[D 190828 13:30:07 intent-classifier:59] Batch Size: 128 
[D 190828 13:30:07 intent-classifier:60] Epochs: 15 
[D 190828 13:30:07 intent-classifier:61] Embedding Size 800 
[D 190828 13:30:07 intent-classifier:62] Trainable Embedding: True
[I 190828 13:30:08 intent-classifier:105] Loading 'dev' Data
[I 190828 13:30:09 intent-classifier:133] Loading 'test' Data
[I 190828 13:30:09 intent-classifier:161] Loading 'train' Data
[W 190828 13:30:34 intent-classifier:221] utterances: len train: 13784, len test: 700, len dev: 2100
[W 190828 13:30:34 intent-classifier:222] gold: len train: 13784, len test: 700, len dev: 2100
[W 190828 13:30:34 intent-classifier:223] len all utterances: 16584
[W 190828 13:30:34 intent-classifier:224] len all labels: 16584
[I 190828 13:30:34 intent-classifier:244] Splitting 'train' Data
[D 190828 13:30:35 intent-classifier:71] vocab_size: 12765
[I 190828 13:30:35 intent-classifier:83] Compiling model
[I 190828 13:30:35 intent-classifier:86] Model Summary: None
[I 190828 13:30:35 intent-classifier:91] Fitting model
[I 190828 13:34:20 intent-classifier:94] Evaluating model
[I 190828 13:34:23 intent-classifier:96] Accuracy: 98.191118
[I 190828 13:34:23 intent-classifier:97] ----End of Programm----
[I 190904 21:45:29 intent-classifier:56] ----Start of Program----
[D 190904 21:45:29 intent-classifier:57] Data Set Type: train
[D 190904 21:45:29 intent-classifier:58] Learning Rate: 0.001 
[D 190904 21:45:29 intent-classifier:59] Batch Size: 128 
[D 190904 21:45:29 intent-classifier:60] Epochs: 15 
[D 190904 21:45:29 intent-classifier:61] Embedding Size 800 
[D 190904 21:45:29 intent-classifier:62] Trainable Embedding: True
[I 190904 21:45:34 intent-classifier:105] Loading 'dev' Data
[I 190904 21:45:35 intent-classifier:133] Loading 'test' Data
[I 190904 21:45:36 intent-classifier:161] Loading 'train' Data
[W 190904 21:46:36 intent-classifier:221] utterances: len train: 13784, len test: 700, len dev: 2100
[W 190904 21:46:36 intent-classifier:222] gold: len train: 13784, len test: 700, len dev: 2100
[W 190904 21:46:36 intent-classifier:223] len all utterances: 16584
[W 190904 21:46:36 intent-classifier:224] len all labels: 16584
[I 190904 21:46:37 intent-classifier:244] Splitting 'train' Data
[D 190904 21:46:37 intent-classifier:71] vocab_size: 12765
[I 190904 21:46:38 intent-classifier:83] Compiling model
[I 190904 21:46:38 intent-classifier:86] Model Summary: None
[I 190904 21:46:38 intent-classifier:91] Fitting model
[I 190904 21:54:56 intent-classifier:94] Evaluating model
[I 190904 21:55:04 intent-classifier:96] Accuracy: 97.898775
[I 190904 21:55:04 intent-classifier:97] ----End of Programm----
[I 190904 21:55:56 intent-classifier:56] ----Start of Program----
[D 190904 21:55:56 intent-classifier:57] Data Set Type: train
[D 190904 21:55:56 intent-classifier:58] Learning Rate: 0.001 
[D 190904 21:55:56 intent-classifier:59] Batch Size: 128 
[D 190904 21:55:56 intent-classifier:60] Epochs: 15 
[D 190904 21:55:56 intent-classifier:61] Embedding Size 800 
[D 190904 21:55:56 intent-classifier:62] Trainable Embedding: True
[I 190904 21:55:58 intent-classifier:105] Loading 'dev' Data
[I 190904 21:56:00 intent-classifier:133] Loading 'test' Data
[I 190904 21:56:00 intent-classifier:161] Loading 'train' Data
[W 190904 21:57:15 intent-classifier:221] utterances: len train: 13784, len test: 700, len dev: 2100
[W 190904 21:57:15 intent-classifier:222] gold: len train: 13784, len test: 700, len dev: 2100
[W 190904 21:57:15 intent-classifier:223] len all utterances: 16584
[W 190904 21:57:15 intent-classifier:224] len all labels: 16584
[I 190904 21:57:15 intent-classifier:244] Splitting 'train' Data
[D 190904 21:57:16 intent-classifier:71] vocab_size: 12765
[I 190904 21:57:17 intent-classifier:83] Compiling model
[I 190904 21:57:17 intent-classifier:86] Model Summary: None
[I 190904 21:57:17 intent-classifier:91] Fitting model
[I 190904 22:05:48 intent-classifier:94] Evaluating model
[I 190904 22:05:56 intent-classifier:96] Accuracy: 98.191118
[I 190904 22:05:56 intent-classifier:97] ----End of Programm----
[I 190904 22:06:23 intent-classifier:56] ----Start of Program----
[D 190904 22:06:23 intent-classifier:57] Data Set Type: train
[D 190904 22:06:23 intent-classifier:58] Learning Rate: 0.001 
[D 190904 22:06:23 intent-classifier:59] Batch Size: 128 
[D 190904 22:06:23 intent-classifier:60] Epochs: 15 
[D 190904 22:06:23 intent-classifier:61] Embedding Size 800 
[D 190904 22:06:23 intent-classifier:62] Trainable Embedding: True
[I 190904 22:06:25 intent-classifier:105] Loading 'dev' Data
[I 190904 22:06:26 intent-classifier:133] Loading 'test' Data
[I 190904 22:06:27 intent-classifier:161] Loading 'train' Data
[W 190904 22:07:30 intent-classifier:221] utterances: len train: 13784, len test: 700, len dev: 2100
[W 190904 22:07:30 intent-classifier:222] gold: len train: 13784, len test: 700, len dev: 2100
[W 190904 22:07:30 intent-classifier:223] len all utterances: 16584
[W 190904 22:07:30 intent-classifier:224] len all labels: 16584
[I 190904 22:07:30 intent-classifier:244] Splitting 'train' Data
[D 190904 22:07:31 intent-classifier:71] vocab_size: 12765
[I 190904 22:07:31 intent-classifier:83] Compiling model
[I 190904 22:07:31 intent-classifier:86] Model Summary: None
[I 190904 22:07:31 intent-classifier:91] Fitting model
[I 190904 22:15:49 intent-classifier:94] Evaluating model
[I 190904 22:15:57 intent-classifier:96] Accuracy: 98.172849
[I 190904 22:15:57 intent-classifier:97] ----End of Programm----
