[I 190828 13:17:21 joint-classifier:34] ----Start of Program----
[D 190828 13:17:21 joint-classifier:35] Data Set Type: train
[D 190828 13:17:21 joint-classifier:36] Learning Rate: 0.001 
[D 190828 13:17:21 joint-classifier:37] Batch Size: 128 
[D 190828 13:17:21 joint-classifier:38] Epochs: 10 
[D 190828 13:17:21 joint-classifier:39] Embedding Size: 800
[D 190828 13:17:21 joint-classifier:40] Trainable Embedding: True
[D 190828 13:17:22 joint-classifier:100] Train Utterance: [5711, 5327, 637, 2066, 10029, 6979, 3968, 4778, 3025, 11304, 6979, 8562, 4612]
[D 190828 13:17:22 joint-classifier:101] Test Utterance: [5711, 10810, 9244, 7072, 10716, 5289]
[D 190828 13:17:22 joint-classifier:102] Train Slots: [6, 15, 15, 15, 15, 3, 3, 3, 3, 3, 3, 3, 17, 15]
[D 190828 13:17:22 joint-classifier:103] Test Slots: [31, 15, 15, 46, 15, 9, 15]
[D 190828 13:17:22 joint-classifier:107] Maximum utterance lenght: 36
[D 190828 13:17:22 joint-classifier:115] Train Utterance: [ 5711  5327   637  2066 10029  6979  3968  4778  3025 11304  6979  8562
      4612     0     0     0     0     0     0     0     0     0     0     0
         0     0     0     0     0     0     0     0     0     0     0     0]
[D 190828 13:17:22 joint-classifier:116] Test Utterance: [ 5711 10810  9244  7072 10716  5289     0     0     0     0     0     0
         0     0     0     0     0     0     0     0     0     0     0     0
         0     0     0     0     0     0     0     0     0     0     0     0]
[D 190828 13:17:22 joint-classifier:117] Train Slots: [ 6 15 15 15 15  3  3  3  3  3  3  3 17 15  0  0  0  0  0  0  0  0  0  0
      0  0  0  0  0  0  0  0  0  0  0  0]
[D 190828 13:17:22 joint-classifier:118] Test Slots: [31 15 15 46 15  9 15  0  0  0  0  0  0  0  0  0  0  0  0  0  0  0  0  0
      0  0  0  0  0  0  0  0  0  0  0  0]
[D 190828 13:17:27 joint-classifier:138] Slots to categorical: [[0. 0. 0. ... 0. 0. 0.]
     [0. 0. 0. ... 0. 0. 0.]
     [0. 0. 0. ... 0. 0. 0.]
     ...
     [1. 0. 0. ... 0. 0. 0.]
     [1. 0. 0. ... 0. 0. 0.]
     [1. 0. 0. ... 0. 0. 0.]]
[I 190828 13:22:01 joint-classifier:148] Accuracy: 95.295103
[I 190828 13:22:01 joint-classifier:149] ----End of Programm----
[I 190828 13:39:36 joint-classifier:35] ----Start of Program----
[D 190828 13:39:36 joint-classifier:36] Data Set Type: train
[D 190828 13:39:36 joint-classifier:37] Learning Rate: 0.001 
[D 190828 13:39:36 joint-classifier:38] Batch Size: 128 
[D 190828 13:39:36 joint-classifier:39] Epochs: 10 
[D 190828 13:39:36 joint-classifier:40] Embedding Size: 800
[D 190828 13:39:36 joint-classifier:41] Trainable Embedding: True
[D 190828 13:39:36 joint-classifier:51] Intents Front-Back
[I 190828 13:42:36 joint-classifier:35] ----Start of Program----
[D 190828 13:42:36 joint-classifier:36] Data Set Type: train
[D 190828 13:42:36 joint-classifier:37] Learning Rate: 0.001 
[D 190828 13:42:36 joint-classifier:38] Batch Size: 128 
[D 190828 13:42:36 joint-classifier:39] Epochs: 10 
[D 190828 13:42:36 joint-classifier:40] Embedding Size: 800
[D 190828 13:42:36 joint-classifier:41] Trainable Embedding: True
[D 190828 13:42:36 joint-classifier:248] Intents Front-Back
[D 190828 13:42:36 joint-classifier:220] Intents Front-Back
[D 190828 13:42:37 joint-classifier:100] Train Utterance: [601, 11231, 462, 6629, 3053, 3151, 2316, 10666, 3292, 6811, 3151, 26, 6776, 7328]
[D 190828 13:42:37 joint-classifier:101] Test Utterance: [601, 3393, 6849, 10609, 6219, 6531, 7328]
[D 190828 13:42:37 joint-classifier:102] Train Slots: [34, 36, 36, 36, 36, 39, 39, 39, 39, 39, 39, 39, 1, 36, 34]
[D 190828 13:42:37 joint-classifier:103] Test Slots: [44, 36, 36, 28, 36, 32, 36, 44]
[D 190828 13:42:37 joint-classifier:107] Maximum utterance lenght: 37
[D 190828 13:42:37 joint-classifier:115] Train Utterance: [  601 11231   462  6629  3053  3151  2316 10666  3292  6811  3151    26
      6776  7328     0     0     0     0     0     0     0     0     0     0
         0     0     0     0     0     0     0     0     0     0     0     0
         0]
[D 190828 13:42:37 joint-classifier:116] Test Utterance: [  601  3393  6849 10609  6219  6531  7328     0     0     0     0     0
         0     0     0     0     0     0     0     0     0     0     0     0
         0     0     0     0     0     0     0     0     0     0     0     0
         0]
[D 190828 13:42:37 joint-classifier:117] Train Slots: [34 36 36 36 36 39 39 39 39 39 39 39  1 36 34  0  0  0  0  0  0  0  0  0
      0  0  0  0  0  0  0  0  0  0  0  0  0]
[D 190828 13:42:37 joint-classifier:118] Test Slots: [44 36 36 28 36 32 36 44  0  0  0  0  0  0  0  0  0  0  0  0  0  0  0  0
      0  0  0  0  0  0  0  0  0  0  0  0  0]
[D 190828 13:42:41 joint-classifier:138] Slots to categorical: [[0. 0. 0. ... 0. 0. 0.]
     [0. 0. 0. ... 0. 0. 0.]
     [0. 0. 0. ... 0. 0. 0.]
     ...
     [1. 0. 0. ... 0. 0. 0.]
     [1. 0. 0. ... 0. 0. 0.]
     [1. 0. 0. ... 0. 0. 0.]]
[I 190828 13:46:16 joint-classifier:148] Accuracy: 93.367676
[I 190828 13:46:16 joint-classifier:149] ----End of Programm----
[I 190828 13:47:18 joint-classifier:35] ----Start of Program----
[D 190828 13:47:18 joint-classifier:36] Data Set Type: train
[D 190828 13:47:18 joint-classifier:37] Learning Rate: 0.01 
[D 190828 13:47:18 joint-classifier:38] Batch Size: 128 
[D 190828 13:47:18 joint-classifier:39] Epochs: 10 
[D 190828 13:47:18 joint-classifier:40] Embedding Size: 800
[D 190828 13:47:18 joint-classifier:41] Trainable Embedding: True
[D 190828 13:47:18 joint-classifier:248] Intents Front-Back
[D 190828 13:47:19 joint-classifier:220] Intents Front-Back
[D 190828 13:47:19 joint-classifier:100] Train Utterance: [3270, 1642, 948, 8772, 5461, 8646, 6398, 3365, 5611, 10225, 8646, 4328, 3087, 9528]
[D 190828 13:47:19 joint-classifier:101] Test Utterance: [3270, 7953, 1977, 7444, 716, 10154, 9528]
[D 190828 13:47:19 joint-classifier:102] Train Slots: [47, 8, 8, 8, 8, 45, 45, 45, 45, 45, 45, 45, 12, 8, 47]
[D 190828 13:47:19 joint-classifier:103] Test Slots: [22, 8, 8, 10, 8, 32, 8, 22]
[D 190828 13:47:19 joint-classifier:107] Maximum utterance lenght: 37
[D 190828 13:47:19 joint-classifier:115] Train Utterance: [ 3270  1642   948  8772  5461  8646  6398  3365  5611 10225  8646  4328
      3087  9528     0     0     0     0     0     0     0     0     0     0
         0     0     0     0     0     0     0     0     0     0     0     0
         0]
[D 190828 13:47:19 joint-classifier:116] Test Utterance: [ 3270  7953  1977  7444   716 10154  9528     0     0     0     0     0
         0     0     0     0     0     0     0     0     0     0     0     0
         0     0     0     0     0     0     0     0     0     0     0     0
         0]
[D 190828 13:47:19 joint-classifier:117] Train Slots: [47  8  8  8  8 45 45 45 45 45 45 45 12  8 47  0  0  0  0  0  0  0  0  0
      0  0  0  0  0  0  0  0  0  0  0  0  0]
[D 190828 13:47:19 joint-classifier:118] Test Slots: [22  8  8 10  8 32  8 22  0  0  0  0  0  0  0  0  0  0  0  0  0  0  0  0
      0  0  0  0  0  0  0  0  0  0  0  0  0]
[D 190828 13:47:26 joint-classifier:138] Slots to categorical: [[0. 0. 0. ... 0. 0. 1.]
     [0. 0. 0. ... 0. 0. 0.]
     [0. 0. 0. ... 0. 0. 0.]
     ...
     [1. 0. 0. ... 0. 0. 0.]
     [1. 0. 0. ... 0. 0. 0.]
     [1. 0. 0. ... 0. 0. 0.]]
[I 190828 13:51:27 joint-classifier:148] Accuracy: 93.908037
[I 190828 13:51:27 joint-classifier:149] ----End of Programm----
[I 190828 13:53:11 joint-classifier:35] ----Start of Program----
[D 190828 13:53:11 joint-classifier:36] Data Set Type: train
[D 190828 13:53:11 joint-classifier:37] Learning Rate: 0.01 
[D 190828 13:53:11 joint-classifier:38] Batch Size: 128 
[D 190828 13:53:11 joint-classifier:39] Epochs: 15 
[D 190828 13:53:11 joint-classifier:40] Embedding Size: 800
[D 190828 13:53:11 joint-classifier:41] Trainable Embedding: True
[D 190828 13:53:11 joint-classifier:248] Intents Front-Back
[D 190828 13:53:11 joint-classifier:220] Intents Front-Back
[D 190828 13:53:11 joint-classifier:100] Train Utterance: [1869, 6104, 1662, 3709, 267, 11496, 7021, 4561, 1050, 6923, 11496, 5307, 4648, 6287]
[D 190828 13:53:11 joint-classifier:101] Test Utterance: [1869, 7852, 4612, 4121, 7647, 2917, 6287]
[D 190828 13:53:11 joint-classifier:102] Train Slots: [15, 6, 6, 6, 6, 2, 2, 2, 2, 2, 2, 2, 26, 6, 15]
[D 190828 13:53:11 joint-classifier:103] Test Slots: [21, 6, 6, 38, 6, 11, 6, 21]
[D 190828 13:53:11 joint-classifier:107] Maximum utterance lenght: 37
[D 190828 13:53:11 joint-classifier:115] Train Utterance: [ 1869  6104  1662  3709   267 11496  7021  4561  1050  6923 11496  5307
      4648  6287     0     0     0     0     0     0     0     0     0     0
         0     0     0     0     0     0     0     0     0     0     0     0
         0]
[D 190828 13:53:11 joint-classifier:116] Test Utterance: [1869 7852 4612 4121 7647 2917 6287    0    0    0    0    0    0    0
        0    0    0    0    0    0    0    0    0    0    0    0    0    0
        0    0    0    0    0    0    0    0    0]
[D 190828 13:53:11 joint-classifier:117] Train Slots: [15  6  6  6  6  2  2  2  2  2  2  2 26  6 15  0  0  0  0  0  0  0  0  0
      0  0  0  0  0  0  0  0  0  0  0  0  0]
[D 190828 13:53:11 joint-classifier:118] Test Slots: [21  6  6 38  6 11  6 21  0  0  0  0  0  0  0  0  0  0  0  0  0  0  0  0
      0  0  0  0  0  0  0  0  0  0  0  0  0]
[D 190828 13:53:16 joint-classifier:138] Slots to categorical: [[0. 0. 0. ... 0. 0. 0.]
     [0. 0. 0. ... 0. 0. 0.]
     [0. 0. 0. ... 0. 0. 0.]
     ...
     [1. 0. 0. ... 0. 0. 0.]
     [1. 0. 0. ... 0. 0. 0.]
     [1. 0. 0. ... 0. 0. 0.]]
[I 190828 13:57:46 joint-classifier:148] Accuracy: 93.665864
[I 190828 13:57:46 joint-classifier:149] ----End of Programm----
[I 190828 13:58:26 joint-classifier:35] ----Start of Program----
[D 190828 13:58:26 joint-classifier:36] Data Set Type: train
[D 190828 13:58:26 joint-classifier:37] Learning Rate: 0.0001 
[D 190828 13:58:26 joint-classifier:38] Batch Size: 128 
[D 190828 13:58:26 joint-classifier:39] Epochs: 15 
[D 190828 13:58:26 joint-classifier:40] Embedding Size: 800
[D 190828 13:58:26 joint-classifier:41] Trainable Embedding: True
[D 190828 13:58:26 joint-classifier:244] Intents Front
[D 190828 13:58:26 joint-classifier:216] Intents Front
[D 190828 13:58:26 joint-classifier:107] Maximum utterance lenght: 36
[I 190828 14:02:58 joint-classifier:148] Accuracy: 91.342048
[I 190828 14:02:58 joint-classifier:149] ----End of Programm----
[I 190828 14:06:14 joint-classifier:35] ----Start of Program----
[D 190828 14:06:14 joint-classifier:36] Data Set Type: train
[D 190828 14:06:14 joint-classifier:37] Learning Rate: 0.001 
[D 190828 14:06:14 joint-classifier:38] Batch Size: 64 
[D 190828 14:06:14 joint-classifier:39] Epochs: 15 
[D 190828 14:06:14 joint-classifier:40] Embedding Size: 800
[D 190828 14:06:14 joint-classifier:41] Trainable Embedding: True
[D 190828 14:06:14 joint-classifier:244] Intents Front
[D 190828 14:06:14 joint-classifier:216] Intents Front
[D 190828 14:06:14 joint-classifier:107] Maximum utterance lenght: 36
[I 190828 14:13:19 joint-classifier:148] Accuracy: 95.440890
[I 190828 14:13:19 joint-classifier:149] ----End of Programm----
[I 190828 14:13:56 joint-classifier:35] ----Start of Program----
[D 190828 14:13:56 joint-classifier:36] Data Set Type: train
[D 190828 14:13:56 joint-classifier:37] Learning Rate: 0.001 
[D 190828 14:13:56 joint-classifier:38] Batch Size: 32 
[D 190828 14:13:56 joint-classifier:39] Epochs: 15 
[D 190828 14:13:56 joint-classifier:40] Embedding Size: 800
[D 190828 14:13:56 joint-classifier:41] Trainable Embedding: True
[D 190828 14:13:56 joint-classifier:244] Intents Front
[D 190828 14:13:57 joint-classifier:216] Intents Front
[D 190828 14:13:57 joint-classifier:107] Maximum utterance lenght: 36
[I 190828 14:25:26 joint-classifier:148] Accuracy: 95.409218
[I 190828 14:25:26 joint-classifier:149] ----End of Programm----
[I 190828 14:26:53 joint-classifier:35] ----Start of Program----
[D 190828 14:26:53 joint-classifier:36] Data Set Type: train
[D 190828 14:26:53 joint-classifier:37] Learning Rate: 0.001 
[D 190828 14:26:53 joint-classifier:38] Batch Size: 64 
[D 190828 14:26:53 joint-classifier:39] Epochs: 15 
[D 190828 14:26:53 joint-classifier:40] Embedding Size: 600
[D 190828 14:26:53 joint-classifier:41] Trainable Embedding: True
[D 190828 14:26:53 joint-classifier:244] Intents Front
[D 190828 14:26:53 joint-classifier:216] Intents Front
[D 190828 14:26:53 joint-classifier:107] Maximum utterance lenght: 36
[I 190828 14:31:50 joint-classifier:148] Accuracy: 95.307597
[I 190828 14:31:50 joint-classifier:149] ----End of Programm----
[I 190828 14:35:13 joint-classifier:35] ----Start of Program----
[D 190828 14:35:13 joint-classifier:36] Data Set Type: train
[D 190828 14:35:13 joint-classifier:37] Learning Rate: 0.0001 
[D 190828 14:35:13 joint-classifier:38] Batch Size: 64 
[D 190828 14:35:13 joint-classifier:39] Epochs: 25 
[D 190828 14:35:13 joint-classifier:40] Embedding Size: 800
[D 190828 14:35:13 joint-classifier:41] Trainable Embedding: True
[D 190828 14:35:13 joint-classifier:244] Intents Front
[D 190828 14:35:14 joint-classifier:216] Intents Front
[D 190828 14:35:14 joint-classifier:107] Maximum utterance lenght: 36
[I 190828 14:46:50 joint-classifier:148] Accuracy: 94.553773
[I 190828 14:46:50 joint-classifier:149] ----End of Programm----
[I 190828 14:52:07 joint-classifier:36] ----Start of Program----
[D 190828 14:52:07 joint-classifier:37] Data Set Type: train
[D 190828 14:52:07 joint-classifier:38] Learning Rate: 0.001 
[D 190828 14:52:07 joint-classifier:39] Batch Size: 64 
[D 190828 14:52:07 joint-classifier:40] Epochs: 15 
[D 190828 14:52:07 joint-classifier:41] Embedding Size: 800
[D 190828 14:52:07 joint-classifier:42] Trainable Embedding: True
[D 190828 14:52:07 joint-classifier:43] Dropout Rate 0.5 
[D 190828 14:52:07 joint-classifier:247] Intents Front
[D 190828 14:52:07 joint-classifier:219] Intents Front
[D 190828 14:52:07 joint-classifier:109] Maximum utterance lenght: 36
[I 190828 14:59:15 joint-classifier:151] Accuracy: 95.786804
[I 190828 14:59:15 joint-classifier:152] ----End of Programm----
[I 190828 15:01:26 joint-classifier:36] ----Start of Program----
[D 190828 15:01:26 joint-classifier:37] Data Set Type: train
[D 190828 15:01:26 joint-classifier:38] Learning Rate: 0.001 
[D 190828 15:01:26 joint-classifier:39] Batch Size: 128 
[D 190828 15:01:26 joint-classifier:40] Epochs: 15 
[D 190828 15:01:26 joint-classifier:41] Embedding Size: 800
[D 190828 15:01:26 joint-classifier:42] Trainable Embedding: True
[D 190828 15:01:26 joint-classifier:43] Dropout Rate 0.5 
[D 190828 15:01:26 joint-classifier:247] Intents Front
[D 190828 15:01:26 joint-classifier:219] Intents Front
[D 190828 15:01:26 joint-classifier:109] Maximum utterance lenght: 36
[I 190828 15:05:58 joint-classifier:151] Accuracy: 95.407354
[I 190828 15:05:58 joint-classifier:152] ----End of Programm----
[I 190828 15:06:52 joint-classifier:36] ----Start of Program----
[D 190828 15:06:52 joint-classifier:37] Data Set Type: train
[D 190828 15:06:52 joint-classifier:38] Learning Rate: 0.0001 
[D 190828 15:06:52 joint-classifier:39] Batch Size: 128 
[D 190828 15:06:52 joint-classifier:40] Epochs: 25 
[D 190828 15:06:52 joint-classifier:41] Embedding Size: 800
[D 190828 15:06:52 joint-classifier:42] Trainable Embedding: True
[D 190828 15:06:52 joint-classifier:43] Dropout Rate 0.5 
[D 190828 15:06:52 joint-classifier:247] Intents Front
[D 190828 15:06:52 joint-classifier:219] Intents Front
[D 190828 15:06:53 joint-classifier:109] Maximum utterance lenght: 36
[I 190828 15:14:08 joint-classifier:151] Accuracy: 93.420100
[I 190828 15:14:08 joint-classifier:152] ----End of Programm----
[I 190828 15:19:42 joint-classifier:37] ----Start of Program----
[D 190828 15:19:42 joint-classifier:38] Data Set Type: train
[D 190828 15:19:42 joint-classifier:39] Learning Rate: 0.001 
[D 190828 15:19:42 joint-classifier:40] Batch Size: 64 
[D 190828 15:19:42 joint-classifier:41] Epochs: 15 
[D 190828 15:19:42 joint-classifier:42] Embedding Size: 800
[D 190828 15:19:42 joint-classifier:43] Trainable Embedding: True
[D 190828 15:19:42 joint-classifier:44] Dropout Rate: 0.5 
[D 190828 15:19:42 joint-classifier:45] Activation LSTM: tanh
[D 190828 15:19:42 joint-classifier:249] Intents Front
[D 190828 15:19:42 joint-classifier:221] Intents Front
[D 190828 15:19:42 joint-classifier:111] Maximum utterance lenght: 36
[I 190828 15:27:00 joint-classifier:153] Accuracy: 95.552758
[I 190828 15:27:00 joint-classifier:154] ----End of Programm----
[I 190828 15:31:11 joint-classifier:37] ----Start of Program----
[D 190828 15:31:11 joint-classifier:38] Data Set Type: train
[D 190828 15:31:11 joint-classifier:39] Learning Rate: 0.001 
[D 190828 15:31:11 joint-classifier:40] Batch Size: 64 
[D 190828 15:31:11 joint-classifier:41] Epochs: 15 
[D 190828 15:31:11 joint-classifier:42] Embedding Size: 800
[D 190828 15:31:11 joint-classifier:43] Trainable Embedding: True
[D 190828 15:31:11 joint-classifier:44] Dropout Rate: 0.5 
[D 190828 15:31:11 joint-classifier:45] Activation LSTM: sigmoid
[D 190828 15:31:11 joint-classifier:249] Intents Front
[D 190828 15:31:11 joint-classifier:221] Intents Front
[D 190828 15:31:12 joint-classifier:111] Maximum utterance lenght: 36
[I 190828 15:38:27 joint-classifier:153] Accuracy: 94.208308
[I 190828 15:38:27 joint-classifier:154] ----End of Programm----
[I 190828 15:39:03 joint-classifier:37] ----Start of Program----
[D 190828 15:39:03 joint-classifier:38] Data Set Type: train
[D 190828 15:39:03 joint-classifier:39] Learning Rate: 0.001 
[D 190828 15:39:03 joint-classifier:40] Batch Size: 64 
[D 190828 15:39:03 joint-classifier:41] Epochs: 15 
[D 190828 15:39:03 joint-classifier:42] Embedding Size: 800
[D 190828 15:39:03 joint-classifier:43] Trainable Embedding: True
[D 190828 15:39:03 joint-classifier:44] Dropout Rate: 0.5 
[D 190828 15:39:03 joint-classifier:45] Activation LSTM: relu
[D 190828 15:39:03 joint-classifier:249] Intents Front
[D 190828 15:39:04 joint-classifier:221] Intents Front
[D 190828 15:39:04 joint-classifier:111] Maximum utterance lenght: 36
[I 190828 15:46:25 joint-classifier:153] Accuracy: 95.402255
[I 190828 15:46:25 joint-classifier:154] ----End of Programm----
[I 190828 15:50:45 joint-classifier:37] ----Start of Program----
[D 190828 15:50:45 joint-classifier:38] Data Set Type: train
[D 190828 15:50:45 joint-classifier:39] Learning Rate: 0.001 
[D 190828 15:50:45 joint-classifier:40] Batch Size: 64 
[D 190828 15:50:45 joint-classifier:41] Epochs: 20 
[D 190828 15:50:45 joint-classifier:42] Embedding Size: 800
[D 190828 15:50:45 joint-classifier:43] Trainable Embedding: True
[D 190828 15:50:45 joint-classifier:44] Dropout Rate: 0.5 
[D 190828 15:50:45 joint-classifier:45] Activation LSTM: tanh
[D 190828 15:50:45 joint-classifier:249] Intents Front
[D 190828 15:50:45 joint-classifier:221] Intents Front
[D 190828 15:50:45 joint-classifier:111] Maximum utterance lenght: 36
[I 190828 16:00:22 joint-classifier:153] Accuracy: 95.592731
[I 190828 16:00:22 joint-classifier:154] ----End of Programm----
[I 190828 16:03:01 joint-classifier:38] ----Start of Program----
[D 190828 16:03:01 joint-classifier:39] Data Set Type: train
[D 190828 16:03:01 joint-classifier:40] Learning Rate: 0.001 
[D 190828 16:03:01 joint-classifier:41] Batch Size: 64 
[D 190828 16:03:01 joint-classifier:42] Epochs: 20 
[D 190828 16:03:01 joint-classifier:43] Embedding Size: 800
[D 190828 16:03:01 joint-classifier:44] Trainable Embedding: True
[D 190828 16:03:01 joint-classifier:45] Dropout Rate: 0.5 
[D 190828 16:03:01 joint-classifier:46] Activation LSTM: tanh
[D 190828 16:03:01 joint-classifier:47] LSTM UNITS: 128
[D 190828 16:03:01 joint-classifier:251] Intents Front
[D 190828 16:03:02 joint-classifier:223] Intents Front
[D 190828 16:03:02 joint-classifier:113] Maximum utterance lenght: 36
[I 190828 16:10:41 joint-classifier:155] Accuracy: 95.410451
[I 190828 16:10:41 joint-classifier:156] ----End of Programm----
[I 190828 16:11:22 joint-classifier:38] ----Start of Program----
[D 190828 16:11:22 joint-classifier:39] Data Set Type: train
[D 190828 16:11:22 joint-classifier:40] Learning Rate: 0.001 
[D 190828 16:11:22 joint-classifier:41] Batch Size: 64 
[D 190828 16:11:22 joint-classifier:42] Epochs: 20 
[D 190828 16:11:22 joint-classifier:43] Embedding Size: 800
[D 190828 16:11:22 joint-classifier:44] Trainable Embedding: True
[D 190828 16:11:22 joint-classifier:45] Dropout Rate: 0.5 
[D 190828 16:11:22 joint-classifier:46] Activation LSTM: tanh
[D 190828 16:11:22 joint-classifier:47] LSTM UNITS: 512
[D 190828 16:11:22 joint-classifier:251] Intents Front
[D 190828 16:11:22 joint-classifier:223] Intents Front
[D 190828 16:11:22 joint-classifier:113] Maximum utterance lenght: 36
[I 190828 16:26:37 joint-classifier:155] Accuracy: 95.782559
[I 190828 16:26:37 joint-classifier:156] ----End of Programm----
[I 190828 16:28:04 joint-classifier:38] ----Start of Program----
[D 190828 16:28:04 joint-classifier:39] Data Set Type: train
[D 190828 16:28:04 joint-classifier:40] Learning Rate: 0.001 
[D 190828 16:28:04 joint-classifier:41] Batch Size: 64 
[D 190828 16:28:04 joint-classifier:42] Epochs: 25 
[D 190828 16:28:04 joint-classifier:43] Embedding Size: 800
[D 190828 16:28:04 joint-classifier:44] Trainable Embedding: True
[D 190828 16:28:04 joint-classifier:45] Dropout Rate: 0.5 
[D 190828 16:28:04 joint-classifier:46] Activation LSTM: tanh
[D 190828 16:28:04 joint-classifier:47] LSTM UNITS: 512
[D 190828 16:28:04 joint-classifier:251] Intents Front
[D 190828 16:28:04 joint-classifier:223] Intents Front
[D 190828 16:28:05 joint-classifier:113] Maximum utterance lenght: 36
[I 190828 16:48:17 joint-classifier:155] Accuracy: 95.457745
[I 190828 16:48:17 joint-classifier:156] ----End of Programm----
[I 190904 21:45:41 joint-classifier:38] ----Start of Program----
[D 190904 21:45:41 joint-classifier:39] Data Set Type: train
[D 190904 21:45:41 joint-classifier:40] Learning Rate: 0.001 
[D 190904 21:45:41 joint-classifier:41] Batch Size: 64 
[D 190904 21:45:41 joint-classifier:42] Epochs: 25 
[D 190904 21:45:41 joint-classifier:43] Embedding Size: 800
[D 190904 21:45:41 joint-classifier:44] Trainable Embedding: True
[D 190904 21:45:41 joint-classifier:45] Dropout Rate: 0.5 
[D 190904 21:45:41 joint-classifier:46] Activation LSTM: tanh
[D 190904 21:45:41 joint-classifier:47] LSTM UNITS: 512
[D 190904 21:45:41 joint-classifier:251] Intents Front
[D 190904 21:45:41 joint-classifier:223] Intents Front
[D 190904 21:45:42 joint-classifier:113] Maximum utterance lenght: 36
[I 190904 22:22:12 joint-classifier:155] Accuracy: 95.519005
[I 190904 22:22:12 joint-classifier:156] ----End of Programm----
[I 190904 22:23:05 joint-classifier:38] ----Start of Program----
[D 190904 22:23:05 joint-classifier:39] Data Set Type: train
[D 190904 22:23:05 joint-classifier:40] Learning Rate: 0.001 
[D 190904 22:23:05 joint-classifier:41] Batch Size: 64 
[D 190904 22:23:05 joint-classifier:42] Epochs: 25 
[D 190904 22:23:05 joint-classifier:43] Embedding Size: 800
[D 190904 22:23:05 joint-classifier:44] Trainable Embedding: True
[D 190904 22:23:05 joint-classifier:45] Dropout Rate: 0.5 
[D 190904 22:23:05 joint-classifier:46] Activation LSTM: tanh
[D 190904 22:23:05 joint-classifier:47] LSTM UNITS: 512
[D 190904 22:23:05 joint-classifier:251] Intents Front
[D 190904 22:23:05 joint-classifier:223] Intents Front
[D 190904 22:23:05 joint-classifier:113] Maximum utterance lenght: 36
[I 190904 22:48:30 joint-classifier:155] Accuracy: 95.820426
[I 190904 22:48:30 joint-classifier:156] ----End of Programm----
[I 190904 22:49:04 joint-classifier:38] ----Start of Program----
[D 190904 22:49:04 joint-classifier:39] Data Set Type: train
[D 190904 22:49:04 joint-classifier:40] Learning Rate: 0.001 
[D 190904 22:49:04 joint-classifier:41] Batch Size: 64 
[D 190904 22:49:04 joint-classifier:42] Epochs: 25 
[D 190904 22:49:04 joint-classifier:43] Embedding Size: 800
[D 190904 22:49:04 joint-classifier:44] Trainable Embedding: True
[D 190904 22:49:04 joint-classifier:45] Dropout Rate: 0.5 
[D 190904 22:49:04 joint-classifier:46] Activation LSTM: tanh
[D 190904 22:49:04 joint-classifier:47] LSTM UNITS: 512
[D 190904 22:49:04 joint-classifier:251] Intents Front
[D 190904 22:49:04 joint-classifier:223] Intents Front
[D 190904 22:49:04 joint-classifier:113] Maximum utterance lenght: 36
[I 190904 23:14:05 joint-classifier:155] Accuracy: 95.651850
[I 190904 23:14:05 joint-classifier:156] ----End of Programm----
[I 190910 11:26:32 joint-classifier:38] ----Start of Program----
[D 190910 11:26:32 joint-classifier:39] Data Set Type: train
[D 190910 11:26:32 joint-classifier:40] Learning Rate: 0.001 
[D 190910 11:26:32 joint-classifier:41] Batch Size: 64 
[D 190910 11:26:32 joint-classifier:42] Epochs: 25 
[D 190910 11:26:32 joint-classifier:43] Embedding Size: 800
[D 190910 11:26:32 joint-classifier:44] Trainable Embedding: True
[D 190910 11:26:32 joint-classifier:45] Dropout Rate: 0.5 
[D 190910 11:26:32 joint-classifier:46] Activation LSTM: tanh
[D 190910 11:26:32 joint-classifier:47] LSTM UNITS: 512
[D 190910 11:26:32 joint-classifier:252] Intents Front
[D 190910 11:26:33 joint-classifier:224] Intents Front
[D 190910 11:26:33 joint-classifier:113] Maximum utterance lenght: 36
[I 190910 11:46:35 joint-classifier:156] Accuracy: 97.916032
[I 190910 11:46:35 joint-classifier:157] ----End of Programm----
[I 190910 11:55:22 joint-classifier:39] ----Start of Program----
[D 190910 11:55:22 joint-classifier:40] Data Set Type: train
[D 190910 11:55:22 joint-classifier:41] Learning Rate: 0.001 
[D 190910 11:55:22 joint-classifier:42] Batch Size: 64 
[D 190910 11:55:22 joint-classifier:43] Epochs: 25 
[D 190910 11:55:22 joint-classifier:44] Embedding Size: 800
[D 190910 11:55:22 joint-classifier:45] Trainable Embedding: True
[D 190910 11:55:22 joint-classifier:46] Dropout Rate: 0.5 
[D 190910 11:55:22 joint-classifier:47] Activation LSTM: tanh
[D 190910 11:55:22 joint-classifier:48] LSTM UNITS: 512
[D 190910 11:55:22 joint-classifier:49] OPtimizer: Adagrad
[D 190910 11:55:22 joint-classifier:253] Intents Front
[D 190910 11:55:23 joint-classifier:225] Intents Front
[D 190910 11:55:23 joint-classifier:115] Maximum utterance lenght: 36
[I 190910 12:15:36 joint-classifier:157] Accuracy: 89.527469
[I 190910 12:15:36 joint-classifier:158] ----End of Programm----
[I 190910 12:58:49 joint-classifier:39] ----Start of Program----
[D 190910 12:58:49 joint-classifier:40] Data Set Type: train
[D 190910 12:58:49 joint-classifier:41] Learning Rate: 0.001 
[D 190910 12:58:49 joint-classifier:42] Batch Size: 64 
[D 190910 12:58:49 joint-classifier:43] Epochs: 25 
[D 190910 12:58:49 joint-classifier:44] Embedding Size: 800
[D 190910 12:58:49 joint-classifier:45] Trainable Embedding: True
[D 190910 12:58:49 joint-classifier:46] Dropout Rate: 0.5 
[D 190910 12:58:49 joint-classifier:47] Activation LSTM: tanh
[D 190910 12:58:49 joint-classifier:48] LSTM UNITS: 512
[D 190910 12:58:49 joint-classifier:49] OPtimizer: RMSprop
[D 190910 12:58:49 joint-classifier:253] Intents Front
[D 190910 12:58:49 joint-classifier:225] Intents Front
[D 190910 12:58:50 joint-classifier:115] Maximum utterance lenght: 36
[I 190910 13:18:33 joint-classifier:157] Accuracy: 96.022419
[I 190910 13:18:33 joint-classifier:158] ----End of Programm----
[I 190910 13:20:18 joint-classifier:39] ----Start of Program----
[D 190910 13:20:18 joint-classifier:40] Data Set Type: train
[D 190910 13:20:18 joint-classifier:41] Learning Rate: 0.001 
[D 190910 13:20:18 joint-classifier:42] Batch Size: 64 
[D 190910 13:20:18 joint-classifier:43] Epochs: 25 
[D 190910 13:20:18 joint-classifier:44] Embedding Size: 800
[D 190910 13:20:18 joint-classifier:45] Trainable Embedding: True
[D 190910 13:20:18 joint-classifier:46] Dropout Rate: 0.5 
[D 190910 13:20:18 joint-classifier:47] Activation LSTM: tanh
[D 190910 13:20:18 joint-classifier:48] LSTM UNITS: 512
[D 190910 13:20:18 joint-classifier:49] OPtimizer: RMSprop
[D 190910 13:20:18 joint-classifier:253] Intents Front
[D 190910 13:20:18 joint-classifier:225] Intents Front
[D 190910 13:20:18 joint-classifier:115] Maximum utterance lenght: 36
[I 190910 13:40:38 joint-classifier:157] Accuracy: 96.006789
[I 190910 13:40:38 joint-classifier:158] ----End of Programm----
[I 190910 13:40:57 joint-classifier:39] ----Start of Program----
[D 190910 13:40:57 joint-classifier:40] Data Set Type: train
[D 190910 13:40:57 joint-classifier:41] Learning Rate: 0.001 
[D 190910 13:40:57 joint-classifier:42] Batch Size: 64 
[D 190910 13:40:57 joint-classifier:43] Epochs: 25 
[D 190910 13:40:57 joint-classifier:44] Embedding Size: 800
[D 190910 13:40:57 joint-classifier:45] Trainable Embedding: True
[D 190910 13:40:57 joint-classifier:46] Dropout Rate: 0.5 
[D 190910 13:40:57 joint-classifier:47] Activation LSTM: tanh
[D 190910 13:40:57 joint-classifier:48] LSTM UNITS: 512
[D 190910 13:40:57 joint-classifier:49] OPtimizer: RMSprop
[D 190910 13:40:57 joint-classifier:253] Intents Front
[D 190910 13:40:57 joint-classifier:225] Intents Front
[D 190910 13:40:57 joint-classifier:115] Maximum utterance lenght: 36
[I 190910 14:00:35 joint-classifier:157] Accuracy: 96.048275
[I 190910 14:00:35 joint-classifier:158] ----End of Programm----
[I 190910 14:10:08 joint-classifier:39] ----Start of Program----
[D 190910 14:10:08 joint-classifier:40] Data Set Type: train
[D 190910 14:10:08 joint-classifier:41] Learning Rate: 0.01 
[D 190910 14:10:08 joint-classifier:42] Batch Size: 64 
[D 190910 14:10:08 joint-classifier:43] Epochs: 25 
[D 190910 14:10:08 joint-classifier:44] Embedding Size: 800
[D 190910 14:10:08 joint-classifier:45] Trainable Embedding: True
[D 190910 14:10:08 joint-classifier:46] Dropout Rate: 0.5 
[D 190910 14:10:08 joint-classifier:47] Activation LSTM: tanh
[D 190910 14:10:08 joint-classifier:48] LSTM UNITS: 512
[D 190910 14:10:08 joint-classifier:49] OPtimizer: RMSprop
[D 190910 14:10:08 joint-classifier:253] Intents Front
[D 190910 14:10:08 joint-classifier:225] Intents Front
[D 190910 14:10:08 joint-classifier:115] Maximum utterance lenght: 36
[I 190910 14:30:00 joint-classifier:157] Accuracy: 95.325498
[I 190910 14:30:00 joint-classifier:158] ----End of Programm----
[I 190910 14:35:19 joint-classifier:39] ----Start of Program----
[D 190910 14:35:19 joint-classifier:40] Data Set Type: train
[D 190910 14:35:19 joint-classifier:41] Learning Rate: 0.001 
[D 190910 14:35:19 joint-classifier:42] Batch Size: 64 
[D 190910 14:35:19 joint-classifier:43] Epochs: 25 
[D 190910 14:35:19 joint-classifier:44] Embedding Size: 800
[D 190910 14:35:19 joint-classifier:45] Trainable Embedding: True
[D 190910 14:35:19 joint-classifier:46] Dropout Rate: 0.4 
[D 190910 14:35:19 joint-classifier:47] Activation LSTM: tanh
[D 190910 14:35:19 joint-classifier:48] LSTM UNITS: 512
[D 190910 14:35:19 joint-classifier:49] OPtimizer: RMSprop
[D 190910 14:35:19 joint-classifier:253] Intents Front
[D 190910 14:35:19 joint-classifier:225] Intents Front
[D 190910 14:35:19 joint-classifier:115] Maximum utterance lenght: 36
[I 190910 14:55:23 joint-classifier:157] Accuracy: 96.028711
[I 190910 14:55:23 joint-classifier:158] ----End of Programm----
[I 190910 14:57:44 joint-classifier:39] ----Start of Program----
[D 190910 14:57:44 joint-classifier:40] Data Set Type: train
[D 190910 14:57:44 joint-classifier:41] Learning Rate: 0.001 
[D 190910 14:57:44 joint-classifier:42] Batch Size: 32 
[D 190910 14:57:44 joint-classifier:43] Epochs: 25 
[D 190910 14:57:44 joint-classifier:44] Embedding Size: 800
[D 190910 14:57:44 joint-classifier:45] Trainable Embedding: True
[D 190910 14:57:44 joint-classifier:46] Dropout Rate: 0.4 
[D 190910 14:57:44 joint-classifier:47] Activation LSTM: tanh
[D 190910 14:57:44 joint-classifier:48] LSTM UNITS: 512
[D 190910 14:57:44 joint-classifier:49] OPtimizer: RMSprop
[D 190910 14:57:44 joint-classifier:253] Intents Front
[D 190910 14:57:45 joint-classifier:225] Intents Front
[D 190910 14:57:45 joint-classifier:115] Maximum utterance lenght: 36
[I 190910 15:26:54 joint-classifier:157] Accuracy: 95.969312
[I 190910 15:26:54 joint-classifier:158] ----End of Programm----
[I 190910 15:42:30 joint-classifier:39] ----Start of Program----
[D 190910 15:42:30 joint-classifier:40] Data Set Type: train
[D 190910 15:42:30 joint-classifier:41] Learning Rate: 0.001 
[D 190910 15:42:30 joint-classifier:42] Batch Size: 64 
[D 190910 15:42:30 joint-classifier:43] Epochs: 35 
[D 190910 15:42:30 joint-classifier:44] Embedding Size: 800
[D 190910 15:42:30 joint-classifier:45] Trainable Embedding: True
[D 190910 15:42:30 joint-classifier:46] Dropout Rate: 0.4 
[D 190910 15:42:30 joint-classifier:47] Activation LSTM: tanh
[D 190910 15:42:30 joint-classifier:48] LSTM UNITS: 512
[D 190910 15:42:30 joint-classifier:49] OPtimizer: RMSprop
[D 190910 15:42:30 joint-classifier:253] Intents Front
[D 190910 15:42:30 joint-classifier:225] Intents Front
[D 190910 15:42:30 joint-classifier:115] Maximum utterance lenght: 36
[I 190910 16:10:08 joint-classifier:157] Accuracy: 95.629717
[I 190910 16:10:08 joint-classifier:158] ----End of Programm----
