[I 190812 11:35:37 slot-classifier:205] Splitting 'dev' Data
[I 190812 11:37:36 slot-classifier:49] ----Start of Program----
[D 190812 11:37:37 slot-classifier:182] all slots: ['NULL', 'party_size_number', 'restaurant_type', 'city', 'restaurant_name', 'country', 'timeRange', 'state', 'party_size_description', 'sort', 'cuisine', 'served_dish', 'spatial_relation', 'facility', 'poi', 'geographic_poi', 'condition_description', 'condition_temperature', 'current_location', 'artist', 'service', 'track', 'year', 'genre', 'music_item', 'album', 'playlist', 'entity_name', 'playlist_owner', 'object_name', 'object_type', 'rating_value', 'object_select', 'rating_unit', 'best_rating', 'object_part_of_series_type', 'location_name', 'movie_type', 'movie_name', 'object_location_type']
[D 190812 11:37:37 slot-classifier:183] Lenght SlotList: 40
[I 190812 11:37:37 slot-classifier:157] Loading 'train' Data
[D 190812 11:37:38 slot-classifier:182] all slots: ['NULL', 'party_size_number', 'restaurant_type', 'city', 'restaurant_name', 'country', 'timeRange', 'state', 'party_size_description', 'sort', 'cuisine', 'served_dish', 'spatial_relation', 'facility', 'poi', 'geographic_poi', 'condition_description', 'condition_temperature', 'current_location', 'artist', 'service', 'track', 'year', 'genre', 'music_item', 'album', 'playlist', 'entity_name', 'playlist_owner', 'object_name', 'object_type', 'rating_value', 'object_select', 'rating_unit', 'best_rating', 'object_part_of_series_type', 'location_name', 'movie_type', 'movie_name', 'object_location_type']
[D 190812 11:37:38 slot-classifier:183] Lenght SlotList: 40
[I 190812 11:37:38 slot-classifier:142] Loading 'test' Data
[D 190812 11:37:38 slot-classifier:182] all slots: ['NULL', 'party_size_number', 'restaurant_type', 'city', 'restaurant_name', 'country', 'timeRange', 'state', 'party_size_description', 'sort', 'cuisine', 'served_dish', 'spatial_relation', 'facility', 'poi', 'geographic_poi', 'condition_description', 'condition_temperature', 'current_location', 'artist', 'service', 'track', 'year', 'genre', 'music_item', 'album', 'playlist', 'entity_name', 'playlist_owner', 'object_name', 'object_type', 'rating_value', 'object_select', 'rating_unit', 'best_rating', 'object_part_of_series_type', 'location_name', 'movie_type', 'movie_name', 'object_location_type']
[D 190812 11:37:38 slot-classifier:183] Lenght SlotList: 40
[I 190812 11:37:38 slot-classifier:128] Loading 'dev' Data
[W 190812 11:37:38 slot-classifier:194] len train: 13931, len dev: 701, len dev: 2104
[W 190812 11:37:38 slot-classifier:199] len all sentences: 16736
[I 190812 11:37:38 slot-classifier:205] Splitting 'dev' Data
[I 190812 11:39:04 slot-classifier:49] ----Start of Program----
[D 190812 11:39:05 slot-classifier:182] all slots: ['NULL', 'party_size_number', 'restaurant_type', 'city', 'restaurant_name', 'country', 'timeRange', 'state', 'party_size_description', 'sort', 'cuisine', 'served_dish', 'spatial_relation', 'facility', 'poi', 'geographic_poi', 'condition_description', 'condition_temperature', 'current_location', 'artist', 'service', 'track', 'year', 'genre', 'music_item', 'album', 'playlist', 'entity_name', 'playlist_owner', 'object_name', 'object_type', 'rating_value', 'object_select', 'rating_unit', 'best_rating', 'object_part_of_series_type', 'location_name', 'movie_type', 'movie_name', 'object_location_type']
[D 190812 11:39:05 slot-classifier:183] Lenght SlotList: 40
[I 190812 11:39:05 slot-classifier:157] Loading 'train' Data
[D 190812 11:39:06 slot-classifier:182] all slots: ['NULL', 'party_size_number', 'restaurant_type', 'city', 'restaurant_name', 'country', 'timeRange', 'state', 'party_size_description', 'sort', 'cuisine', 'served_dish', 'spatial_relation', 'facility', 'poi', 'geographic_poi', 'condition_description', 'condition_temperature', 'current_location', 'artist', 'service', 'track', 'year', 'genre', 'music_item', 'album', 'playlist', 'entity_name', 'playlist_owner', 'object_name', 'object_type', 'rating_value', 'object_select', 'rating_unit', 'best_rating', 'object_part_of_series_type', 'location_name', 'movie_type', 'movie_name', 'object_location_type']
[D 190812 11:39:06 slot-classifier:183] Lenght SlotList: 40
[I 190812 11:39:06 slot-classifier:142] Loading 'test' Data
[D 190812 11:39:06 slot-classifier:182] all slots: ['NULL', 'party_size_number', 'restaurant_type', 'city', 'restaurant_name', 'country', 'timeRange', 'state', 'party_size_description', 'sort', 'cuisine', 'served_dish', 'spatial_relation', 'facility', 'poi', 'geographic_poi', 'condition_description', 'condition_temperature', 'current_location', 'artist', 'service', 'track', 'year', 'genre', 'music_item', 'album', 'playlist', 'entity_name', 'playlist_owner', 'object_name', 'object_type', 'rating_value', 'object_select', 'rating_unit', 'best_rating', 'object_part_of_series_type', 'location_name', 'movie_type', 'movie_name', 'object_location_type']
[D 190812 11:39:06 slot-classifier:183] Lenght SlotList: 40
[I 190812 11:39:06 slot-classifier:128] Loading 'dev' Data
[W 190812 11:39:06 slot-classifier:194] sentences: len train: 13931, len test: 701, len dev: 2104
[W 190812 11:39:06 slot-classifier:195] gold: len train: 13784, len test: 700, len dev: 2100
[W 190812 11:39:06 slot-classifier:199] len all sentences: 16736
[I 190812 11:39:06 slot-classifier:205] Splitting 'dev' Data
[I 190812 12:59:12 slot-classifier:49] ----Start of Program----
[D 190812 12:59:14 slot-classifier:182] all slots: ['NULL', 'party_size_number', 'restaurant_type', 'city', 'restaurant_name', 'country', 'timeRange', 'state', 'party_size_description', 'sort', 'cuisine', 'served_dish', 'spatial_relation', 'facility', 'poi', 'geographic_poi', 'condition_description', 'condition_temperature', 'current_location', 'artist', 'service', 'track', 'year', 'genre', 'music_item', 'album', 'playlist', 'entity_name', 'playlist_owner', 'object_name', 'object_type', 'rating_value', 'object_select', 'rating_unit', 'best_rating', 'object_part_of_series_type', 'location_name', 'movie_type', 'movie_name', 'object_location_type']
[D 190812 12:59:14 slot-classifier:183] Lenght SlotList: 40
[I 190812 12:59:14 slot-classifier:157] Loading 'train' Data
[D 190812 12:59:14 slot-classifier:182] all slots: ['NULL', 'party_size_number', 'restaurant_type', 'city', 'restaurant_name', 'country', 'timeRange', 'state', 'party_size_description', 'sort', 'cuisine', 'served_dish', 'spatial_relation', 'facility', 'poi', 'geographic_poi', 'condition_description', 'condition_temperature', 'current_location', 'artist', 'service', 'track', 'year', 'genre', 'music_item', 'album', 'playlist', 'entity_name', 'playlist_owner', 'object_name', 'object_type', 'rating_value', 'object_select', 'rating_unit', 'best_rating', 'object_part_of_series_type', 'location_name', 'movie_type', 'movie_name', 'object_location_type']
[D 190812 12:59:14 slot-classifier:183] Lenght SlotList: 40
[I 190812 12:59:14 slot-classifier:142] Loading 'test' Data
[D 190812 12:59:14 slot-classifier:182] all slots: ['NULL', 'party_size_number', 'restaurant_type', 'city', 'restaurant_name', 'country', 'timeRange', 'state', 'party_size_description', 'sort', 'cuisine', 'served_dish', 'spatial_relation', 'facility', 'poi', 'geographic_poi', 'condition_description', 'condition_temperature', 'current_location', 'artist', 'service', 'track', 'year', 'genre', 'music_item', 'album', 'playlist', 'entity_name', 'playlist_owner', 'object_name', 'object_type', 'rating_value', 'object_select', 'rating_unit', 'best_rating', 'object_part_of_series_type', 'location_name', 'movie_type', 'movie_name', 'object_location_type']
[D 190812 12:59:14 slot-classifier:183] Lenght SlotList: 40
[I 190812 12:59:14 slot-classifier:128] Loading 'dev' Data
[W 190812 12:59:14 slot-classifier:194] sentences: len train: 13784, len test: 700, len dev: 2100
[W 190812 12:59:14 slot-classifier:195] gold: len train: 13784, len test: 700, len dev: 2100
[W 190812 12:59:14 slot-classifier:199] len all sentences: 16584
[I 190812 12:59:14 slot-classifier:205] Splitting 'dev' Data
[W 190812 12:59:14 slot-classifier:55] vocab_size: 12722
[I 190812 12:59:14 slot-classifier:61] Loading existing embedding matrix
[I 190812 12:59:14 slot-classifier:65] Finished Loading Embedding Matrix
[I 190812 13:14:21 intent-classifier:49] ----Start of Program----
[I 190812 13:14:22 intent-classifier:179] Loading 'train' Data
[I 190812 13:14:44 intent-classifier:151] Loading 'dev' Data
[I 190812 13:14:45 intent-classifier:123] Loading 'dev_short' Data
[I 190812 13:20:57 intent-classifier:49] ----Start of Program----
[I 190812 13:20:58 intent-classifier:179] Loading 'train' Data
[I 190812 13:20:59 intent-classifier:151] Loading 'test' Data
[I 190812 13:21:22 intent-classifier:123] Loading 'dev' Data
[W 190812 13:21:22 intent-classifier:217] len train: 700, len dev: 13784, len dev: 2100
[W 190812 13:21:22 intent-classifier:222] len all sentences: 16584
[I 190812 13:21:22 intent-classifier:228] Splitting 'dev' Data
[W 190812 13:21:22 intent-classifier:55] vocab_size: 12767
[I 190812 13:21:22 intent-classifier:68] Creating Embedding Matrix
[I 190812 13:23:49 slot-classifier:49] ----Start of Program----
[D 190812 13:23:50 slot-classifier:182] all slots: ['NULL', 'party_size_number', 'restaurant_type', 'city', 'restaurant_name', 'country', 'timeRange', 'state', 'party_size_description', 'sort', 'cuisine', 'served_dish', 'spatial_relation', 'facility', 'poi', 'geographic_poi', 'condition_description', 'condition_temperature', 'current_location', 'artist', 'service', 'track', 'year', 'genre', 'music_item', 'album', 'playlist', 'entity_name', 'playlist_owner', 'object_name', 'object_type', 'rating_value', 'object_select', 'rating_unit', 'best_rating', 'object_part_of_series_type', 'location_name', 'movie_type', 'movie_name', 'object_location_type']
[D 190812 13:23:50 slot-classifier:183] Lenght SlotList: 40
[I 190812 13:23:50 slot-classifier:157] Loading 'train' Data
[D 190812 13:23:50 slot-classifier:182] all slots: ['NULL', 'party_size_number', 'restaurant_type', 'city', 'restaurant_name', 'country', 'timeRange', 'state', 'party_size_description', 'sort', 'cuisine', 'served_dish', 'spatial_relation', 'facility', 'poi', 'geographic_poi', 'condition_description', 'condition_temperature', 'current_location', 'artist', 'service', 'track', 'year', 'genre', 'music_item', 'album', 'playlist', 'entity_name', 'playlist_owner', 'object_name', 'object_type', 'rating_value', 'object_select', 'rating_unit', 'best_rating', 'object_part_of_series_type', 'location_name', 'movie_type', 'movie_name', 'object_location_type']
[D 190812 13:23:50 slot-classifier:183] Lenght SlotList: 40
[I 190812 13:23:50 slot-classifier:142] Loading 'test' Data
[D 190812 13:23:51 slot-classifier:182] all slots: ['NULL', 'party_size_number', 'restaurant_type', 'city', 'restaurant_name', 'country', 'timeRange', 'state', 'party_size_description', 'sort', 'cuisine', 'served_dish', 'spatial_relation', 'facility', 'poi', 'geographic_poi', 'condition_description', 'condition_temperature', 'current_location', 'artist', 'service', 'track', 'year', 'genre', 'music_item', 'album', 'playlist', 'entity_name', 'playlist_owner', 'object_name', 'object_type', 'rating_value', 'object_select', 'rating_unit', 'best_rating', 'object_part_of_series_type', 'location_name', 'movie_type', 'movie_name', 'object_location_type']
[D 190812 13:23:51 slot-classifier:183] Lenght SlotList: 40
[I 190812 13:23:51 slot-classifier:128] Loading 'dev' Data
[W 190812 13:23:51 slot-classifier:194] sentences: len train: 700, len test: 13784, len dev: 2100
[W 190812 13:23:51 slot-classifier:195] gold: len train: 700, len test: 13784, len dev: 2100
[W 190812 13:23:51 slot-classifier:199] len all sentences: 16584
[I 190812 13:23:51 slot-classifier:205] Splitting 'dev' Data
[W 190812 13:23:51 slot-classifier:55] vocab_size: 12722
[I 190812 13:23:51 slot-classifier:68] Creating Embedding Matrix
[I 190812 13:34:23 intent-classifier:49] ----Start of Program----
[I 190812 13:34:23 slot-classifier:49] ----Start of Program----
[I 190812 13:34:24 intent-classifier:179] Loading 'train' Data
[I 190812 13:34:24 intent-classifier:151] Loading 'test' Data
[D 190812 13:34:25 slot-classifier:182] all slots: ['NULL', 'party_size_number', 'restaurant_type', 'city', 'restaurant_name', 'country', 'timeRange', 'state', 'party_size_description', 'sort', 'cuisine', 'served_dish', 'spatial_relation', 'facility', 'poi', 'geographic_poi', 'condition_description', 'condition_temperature', 'current_location', 'artist', 'service', 'track', 'year', 'genre', 'music_item', 'album', 'playlist', 'entity_name', 'playlist_owner', 'object_name', 'object_type', 'rating_value', 'object_select', 'rating_unit', 'best_rating', 'object_part_of_series_type', 'location_name', 'movie_type', 'movie_name', 'object_location_type']
[D 190812 13:34:25 slot-classifier:183] Lenght SlotList: 40
[I 190812 13:34:25 slot-classifier:157] Loading 'train' Data
[D 190812 13:34:25 slot-classifier:182] all slots: ['NULL', 'party_size_number', 'restaurant_type', 'city', 'restaurant_name', 'country', 'timeRange', 'state', 'party_size_description', 'sort', 'cuisine', 'served_dish', 'spatial_relation', 'facility', 'poi', 'geographic_poi', 'condition_description', 'condition_temperature', 'current_location', 'artist', 'service', 'track', 'year', 'genre', 'music_item', 'album', 'playlist', 'entity_name', 'playlist_owner', 'object_name', 'object_type', 'rating_value', 'object_select', 'rating_unit', 'best_rating', 'object_part_of_series_type', 'location_name', 'movie_type', 'movie_name', 'object_location_type']
[D 190812 13:34:25 slot-classifier:183] Lenght SlotList: 40
[I 190812 13:34:25 slot-classifier:142] Loading 'test' Data
[D 190812 13:34:25 slot-classifier:182] all slots: ['NULL', 'party_size_number', 'restaurant_type', 'city', 'restaurant_name', 'country', 'timeRange', 'state', 'party_size_description', 'sort', 'cuisine', 'served_dish', 'spatial_relation', 'facility', 'poi', 'geographic_poi', 'condition_description', 'condition_temperature', 'current_location', 'artist', 'service', 'track', 'year', 'genre', 'music_item', 'album', 'playlist', 'entity_name', 'playlist_owner', 'object_name', 'object_type', 'rating_value', 'object_select', 'rating_unit', 'best_rating', 'object_part_of_series_type', 'location_name', 'movie_type', 'movie_name', 'object_location_type']
[D 190812 13:34:25 slot-classifier:183] Lenght SlotList: 40
[I 190812 13:34:25 slot-classifier:128] Loading 'dev' Data
[W 190812 13:34:25 slot-classifier:196] sentences: len train: 700, len test: 13784, len dev: 2100
[W 190812 13:34:25 slot-classifier:197] gold: len train: 700, len test: 13784, len dev: 2100
[W 190812 13:34:25 slot-classifier:203] len all sentences: 700
[I 190812 13:34:25 slot-classifier:209] Splitting 'dev' Data
[W 190812 13:34:26 slot-classifier:55] vocab_size: 12722
[I 190812 13:34:26 slot-classifier:68] Creating Embedding Matrix
[I 190812 13:34:48 intent-classifier:123] Loading 'dev' Data
[W 190812 13:34:49 intent-classifier:219] sentences: len train: 700, len test: 13784, len dev: 2100
[W 190812 13:34:49 intent-classifier:220] gold: len train: 700, len test: 13784, len dev: 2100
[W 190812 13:34:49 intent-classifier:226] len all sentences: 700
[I 190812 13:34:49 intent-classifier:232] Splitting 'dev' Data
[W 190812 13:34:49 intent-classifier:55] vocab_size: 12767
[I 190812 13:34:49 intent-classifier:68] Creating Embedding Matrix
[I 190812 13:48:30 intent-classifier:49] ----Start of Program----
[I 190812 13:48:32 intent-classifier:179] Loading 'train' Data
[I 190812 13:48:32 intent-classifier:151] Loading 'test' Data
[I 190812 13:48:32 slot-classifier:49] ----Start of Program----
[I 190812 13:48:34 slot-classifier:157] Loading 'train' Data
[I 190812 13:48:34 slot-classifier:142] Loading 'test' Data
[I 190812 13:48:35 slot-classifier:128] Loading 'dev' Data
[W 190812 13:48:35 slot-classifier:196] sentences: len train: 700, len test: 13784, len dev: 2100
[W 190812 13:48:35 slot-classifier:197] gold: len train: 700, len test: 13784, len dev: 2100
[W 190812 13:48:35 slot-classifier:203] len all sentences: 700
[I 190812 13:48:35 slot-classifier:209] Splitting 'dev' Data
[W 190812 13:48:35 slot-classifier:55] vocab_size: 12722
[I 190812 13:48:35 slot-classifier:68] Creating Embedding Matrix
[I 190812 13:48:58 intent-classifier:123] Loading 'dev' Data
[W 190812 13:48:59 intent-classifier:219] sentences: len train: 700, len test: 13784, len dev: 2100
[W 190812 13:48:59 intent-classifier:220] gold: len train: 700, len test: 13784, len dev: 2100
[W 190812 13:48:59 intent-classifier:226] len all sentences: 700
[I 190812 13:48:59 intent-classifier:232] Splitting 'dev' Data
[W 190812 13:48:59 intent-classifier:55] vocab_size: 12767
[I 190812 13:48:59 intent-classifier:68] Creating Embedding Matrix
[I 190812 13:58:10 intent-classifier:49] ----Start of Program----
[I 190812 13:58:12 intent-classifier:179] Loading 'train' Data
[I 190812 13:58:12 intent-classifier:151] Loading 'test' Data
[I 190812 13:58:12 slot-classifier:49] ----Start of Program----
[I 190812 13:58:14 slot-classifier:157] Loading 'train' Data
[I 190812 13:58:14 slot-classifier:142] Loading 'test' Data
[I 190812 13:58:14 slot-classifier:128] Loading 'dev' Data
[W 190812 13:58:14 slot-classifier:196] sentences: len train: 700, len test: 13784, len dev: 2100
[W 190812 13:58:14 slot-classifier:197] gold: len train: 700, len test: 13784, len dev: 2100
[W 190812 13:58:14 slot-classifier:203] len all sentences: 700
[I 190812 13:58:15 slot-classifier:209] Splitting 'dev' Data
[W 190812 13:58:15 slot-classifier:55] vocab_size: 12722
[I 190812 13:58:15 slot-classifier:68] Creating Embedding Matrix
[I 190812 13:58:36 intent-classifier:123] Loading 'dev' Data
[W 190812 13:58:36 intent-classifier:219] sentences: len train: 700, len test: 13784, len dev: 2100
[W 190812 13:58:36 intent-classifier:220] gold: len train: 700, len test: 13784, len dev: 2100
[W 190812 13:58:36 intent-classifier:226] len all sentences: 700
[I 190812 13:58:36 intent-classifier:232] Splitting 'dev' Data
[W 190812 13:58:36 intent-classifier:55] vocab_size: 12767
[I 190812 13:58:36 intent-classifier:68] Creating Embedding Matrix
[I 190812 14:16:43 slot-classifier:49] ----Start of Program----
[I 190812 14:16:43 intent-classifier:49] ----Start of Program----
[I 190812 14:16:44 slot-classifier:157] Loading 'train' Data
[I 190812 14:16:44 slot-classifier:142] Loading 'test' Data
[I 190812 14:16:44 slot-classifier:128] Loading 'dev' Data
[I 190812 14:16:44 intent-classifier:179] Loading 'train' Data
[W 190812 14:16:44 slot-classifier:196] sentences: len train: 700, len test: 13784, len dev: 2100
[W 190812 14:16:44 slot-classifier:197] gold: len train: 700, len test: 13784, len dev: 2100
[W 190812 14:16:44 slot-classifier:203] len all sentences: 700
[I 190812 14:16:45 intent-classifier:151] Loading 'test' Data
[I 190812 14:16:45 slot-classifier:209] Splitting 'dev' Data
[W 190812 14:16:45 slot-classifier:55] vocab_size: 12722
[I 190812 14:16:45 slot-classifier:68] Creating Embedding Matrix
[I 190812 14:17:25 intent-classifier:123] Loading 'dev' Data
[W 190812 14:17:27 intent-classifier:219] sentences: len train: 700, len test: 13784, len dev: 2100
[W 190812 14:17:27 intent-classifier:220] gold: len train: 700, len test: 13784, len dev: 2100
[W 190812 14:17:27 intent-classifier:226] len all sentences: 700
[I 190812 14:17:27 intent-classifier:232] Splitting 'dev' Data
[W 190812 14:17:27 intent-classifier:55] vocab_size: 12767
[I 190812 14:17:27 intent-classifier:68] Creating Embedding Matrix
[I 190812 14:36:16 slot-classifier:92] Finished Embedding Matrix Creation, dumped it.
[I 190812 14:43:41 intent-classifier:92] Finished Embedding Matrix Creation, dumped it.
